{"C:\\Users\\USER\\Locale-API\\config\\index.ts": {"path":"C:\\Users\\USER\\Locale-API\\config\\index.ts","statementMap":{"0":{"start":{"line":3,"column":0},"end":{"line":3,"column":45}},"1":{"start":{"line":4,"column":0},"end":{"line":4,"column":28}},"2":{"start":{"line":6,"column":0},"end":{"line":6,"column":16}},"3":{"start":{"line":8,"column":0},"end":{"line":37,"column":3}},"4":{"start":{"line":38,"column":13},"end":{"line":38,"column":73}}},"fnMap":{},"branchMap":{"0":{"loc":{"start":{"line":38,"column":45},"end":{"line":38,"column":69}},"type":"binary-expr","locations":[{"start":{"line":38,"column":45},"end":{"line":38,"column":61}},{"start":{"line":38,"column":65},"end":{"line":38,"column":69}}]}},"s":{"0":2,"1":2,"2":2,"3":2,"4":2},"f":{},"b":{"0":[2,2]}}
,"C:\\Users\\USER\\Locale-API\\src\\app.ts": {"path":"C:\\Users\\USER\\Locale-API\\src\\app.ts","statementMap":{"0":{"start":{"line":2,"column":0},"end":{"line":2,"column":30}},"1":{"start":{"line":3,"column":0},"end":{"line":3,"column":28}},"2":{"start":{"line":4,"column":0},"end":{"line":4,"column":33}},"3":{"start":{"line":5,"column":0},"end":{"line":5,"column":24}},"4":{"start":{"line":6,"column":0},"end":{"line":6,"column":40}},"5":{"start":{"line":7,"column":0},"end":{"line":7,"column":42}},"6":{"start":{"line":8,"column":0},"end":{"line":8,"column":68}},"7":{"start":{"line":9,"column":0},"end":{"line":9,"column":48}},"8":{"start":{"line":11,"column":0},"end":{"line":11,"column":16}},"9":{"start":{"line":13,"column":12},"end":{"line":13,"column":21}},"10":{"start":{"line":15,"column":0},"end":{"line":26,"column":2}},"11":{"start":{"line":18,"column":12},"end":{"line":18,"column":78}},"12":{"start":{"line":19,"column":12},"end":{"line":21,"column":null}},"13":{"start":{"line":20,"column":16},"end":{"line":20,"column":38}},"14":{"start":{"line":22,"column":12},"end":{"line":22,"column":56}},"15":{"start":{"line":27,"column":0},"end":{"line":27,"column":24}},"16":{"start":{"line":28,"column":0},"end":{"line":28,"column":48}},"17":{"start":{"line":29,"column":0},"end":{"line":33,"column":2}},"18":{"start":{"line":35,"column":0},"end":{"line":35,"column":28}},"19":{"start":{"line":36,"column":0},"end":{"line":36,"column":22}},"20":{"start":{"line":38,"column":0},"end":{"line":38,"column":19}}},"fnMap":{"0":{"name":"(anonymous_1)","decl":{"start":{"line":17,"column":16},"end":{"line":17,"column":17}},"loc":{"start":{"line":17,"column":31},"end":{"line":23,"column":9}}}},"branchMap":{"0":{"loc":{"start":{"line":19,"column":12},"end":{"line":21,"column":null}},"type":"if","locations":[{"start":{"line":19,"column":12},"end":{"line":21,"column":null}}]},"1":{"loc":{"start":{"line":19,"column":16},"end":{"line":19,"column":59}},"type":"binary-expr","locations":[{"start":{"line":19,"column":16},"end":{"line":19,"column":23}},{"start":{"line":19,"column":27},"end":{"line":19,"column":59}}]}},"s":{"0":2,"1":2,"2":2,"3":2,"4":2,"5":2,"6":2,"7":2,"8":2,"9":2,"10":2,"11":6,"12":6,"13":6,"14":0,"15":2,"16":2,"17":2,"18":2,"19":2,"20":2},"f":{"0":6},"b":{"0":[6],"1":[6,0]}}
,"C:\\Users\\USER\\Locale-API\\src\\api\\auth\\auth.controller.ts": {"path":"C:\\Users\\USER\\Locale-API\\src\\api\\auth\\auth.controller.ts","statementMap":{"0":{"start":{"line":6,"column":0},"end":{"line":6,"column":58}},"1":{"start":{"line":7,"column":0},"end":{"line":7,"column":28}},"2":{"start":{"line":8,"column":0},"end":{"line":8,"column":61}},"3":{"start":{"line":10,"column":22},"end":{"line":47,"column":2}},"4":{"start":{"line":10,"column":80},"end":{"line":47,"column":2}},"5":{"start":{"line":11,"column":42},"end":{"line":11,"column":50}},"6":{"start":{"line":12,"column":4},"end":{"line":17,"column":null}},"7":{"start":{"line":13,"column":8},"end":{"line":16,"column":11}},"8":{"start":{"line":19,"column":4},"end":{"line":46,"column":null}},"9":{"start":{"line":21,"column":44},"end":{"line":21,"column":85}},"10":{"start":{"line":22,"column":8},"end":{"line":27,"column":null}},"11":{"start":{"line":23,"column":12},"end":{"line":26,"column":15}},"12":{"start":{"line":29,"column":31},"end":{"line":29,"column":62}},"13":{"start":{"line":32,"column":31},"end":{"line":36,"column":19}},"14":{"start":{"line":38,"column":8},"end":{"line":38,"column":29}},"15":{"start":{"line":39,"column":8},"end":{"line":43,"column":11}},"16":{"start":{"line":45,"column":8},"end":{"line":45,"column":27}},"17":{"start":{"line":10,"column":13},"end":{"line":10,"column":22}},"18":{"start":{"line":49,"column":22},"end":{"line":94,"column":2}},"19":{"start":{"line":49,"column":80},"end":{"line":94,"column":2}},"20":{"start":{"line":50,"column":4},"end":{"line":93,"column":null}},"21":{"start":{"line":51,"column":39},"end":{"line":51,"column":47}},"22":{"start":{"line":52,"column":8},"end":{"line":57,"column":null}},"23":{"start":{"line":53,"column":12},"end":{"line":56,"column":15}},"24":{"start":{"line":60,"column":41},"end":{"line":60,"column":105}},"25":{"start":{"line":61,"column":8},"end":{"line":66,"column":null}},"26":{"start":{"line":62,"column":12},"end":{"line":65,"column":15}},"27":{"start":{"line":68,"column":41},"end":{"line":68,"column":91}},"28":{"start":{"line":69,"column":8},"end":{"line":74,"column":null}},"29":{"start":{"line":70,"column":12},"end":{"line":73,"column":15}},"30":{"start":{"line":77,"column":42},"end":{"line":77,"column":77}},"31":{"start":{"line":80,"column":8},"end":{"line":80,"column":45}},"32":{"start":{"line":82,"column":8},"end":{"line":82,"column":31}},"33":{"start":{"line":84,"column":8},"end":{"line":90,"column":11}},"34":{"start":{"line":92,"column":8},"end":{"line":92,"column":27}},"35":{"start":{"line":49,"column":13},"end":{"line":49,"column":22}},"36":{"start":{"line":97,"column":22},"end":{"line":126,"column":2}},"37":{"start":{"line":97,"column":80},"end":{"line":126,"column":2}},"38":{"start":{"line":98,"column":4},"end":{"line":125,"column":null}},"39":{"start":{"line":100,"column":23},"end":{"line":100,"column":36}},"40":{"start":{"line":101,"column":8},"end":{"line":106,"column":null}},"41":{"start":{"line":102,"column":12},"end":{"line":105,"column":15}},"42":{"start":{"line":108,"column":23},"end":{"line":108,"column":62}},"43":{"start":{"line":110,"column":8},"end":{"line":112,"column":null}},"44":{"start":{"line":111,"column":12},"end":{"line":111,"column":73}},"45":{"start":{"line":114,"column":23},"end":{"line":114,"column":47}},"46":{"start":{"line":116,"column":21},"end":{"line":116,"column":59}},"47":{"start":{"line":118,"column":8},"end":{"line":122,"column":11}},"48":{"start":{"line":124,"column":8},"end":{"line":124,"column":27}},"49":{"start":{"line":97,"column":13},"end":{"line":97,"column":22}}},"fnMap":{"0":{"name":"(anonymous_8)","decl":{"start":{"line":10,"column":22},"end":{"line":10,"column":29}},"loc":{"start":{"line":10,"column":80},"end":{"line":47,"column":2}}},"1":{"name":"(anonymous_9)","decl":{"start":{"line":10,"column":80},"end":{"line":10,"column":null}},"loc":{"start":{"line":10,"column":80},"end":{"line":47,"column":1}}},"2":{"name":"(anonymous_10)","decl":{"start":{"line":49,"column":22},"end":{"line":49,"column":29}},"loc":{"start":{"line":49,"column":80},"end":{"line":94,"column":2}}},"3":{"name":"(anonymous_11)","decl":{"start":{"line":49,"column":80},"end":{"line":49,"column":null}},"loc":{"start":{"line":49,"column":80},"end":{"line":94,"column":1}}},"4":{"name":"(anonymous_12)","decl":{"start":{"line":97,"column":22},"end":{"line":97,"column":29}},"loc":{"start":{"line":97,"column":80},"end":{"line":126,"column":2}}},"5":{"name":"(anonymous_13)","decl":{"start":{"line":97,"column":80},"end":{"line":97,"column":null}},"loc":{"start":{"line":97,"column":80},"end":{"line":126,"column":1}}}},"branchMap":{"0":{"loc":{"start":{"line":12,"column":4},"end":{"line":17,"column":null}},"type":"if","locations":[{"start":{"line":12,"column":4},"end":{"line":17,"column":null}}]},"1":{"loc":{"start":{"line":12,"column":8},"end":{"line":12,"column":40}},"type":"binary-expr","locations":[{"start":{"line":12,"column":8},"end":{"line":12,"column":17}},{"start":{"line":12,"column":21},"end":{"line":12,"column":27}},{"start":{"line":12,"column":31},"end":{"line":12,"column":40}}]},"2":{"loc":{"start":{"line":22,"column":8},"end":{"line":27,"column":null}},"type":"if","locations":[{"start":{"line":22,"column":8},"end":{"line":27,"column":null}}]},"3":{"loc":{"start":{"line":22,"column":12},"end":{"line":22,"column":47}},"type":"binary-expr","locations":[{"start":{"line":22,"column":12},"end":{"line":22,"column":24}},{"start":{"line":22,"column":28},"end":{"line":22,"column":47}}]},"4":{"loc":{"start":{"line":52,"column":8},"end":{"line":57,"column":null}},"type":"if","locations":[{"start":{"line":52,"column":8},"end":{"line":57,"column":null}}]},"5":{"loc":{"start":{"line":52,"column":12},"end":{"line":52,"column":34}},"type":"binary-expr","locations":[{"start":{"line":52,"column":12},"end":{"line":52,"column":21}},{"start":{"line":52,"column":25},"end":{"line":52,"column":34}}]},"6":{"loc":{"start":{"line":61,"column":8},"end":{"line":66,"column":null}},"type":"if","locations":[{"start":{"line":61,"column":8},"end":{"line":66,"column":null}}]},"7":{"loc":{"start":{"line":69,"column":8},"end":{"line":74,"column":null}},"type":"if","locations":[{"start":{"line":69,"column":8},"end":{"line":74,"column":null}}]},"8":{"loc":{"start":{"line":101,"column":8},"end":{"line":106,"column":null}},"type":"if","locations":[{"start":{"line":101,"column":8},"end":{"line":106,"column":null}}]},"9":{"loc":{"start":{"line":110,"column":8},"end":{"line":112,"column":null}},"type":"if","locations":[{"start":{"line":110,"column":8},"end":{"line":112,"column":null}}]}},"s":{"0":2,"1":2,"2":2,"3":2,"4":2,"5":2,"6":2,"7":0,"8":2,"9":2,"10":2,"11":0,"12":2,"13":2,"14":2,"15":1,"16":1,"17":2,"18":2,"19":3,"20":3,"21":3,"22":3,"23":1,"24":2,"25":2,"26":0,"27":2,"28":2,"29":2,"30":0,"31":0,"32":0,"33":0,"34":0,"35":2,"36":2,"37":0,"38":0,"39":0,"40":0,"41":0,"42":0,"43":0,"44":0,"45":0,"46":0,"47":0,"48":0,"49":2},"f":{"0":2,"1":2,"2":3,"3":3,"4":0,"5":0},"b":{"0":[0],"1":[2,0,0],"2":[0],"3":[2,1],"4":[1],"5":[3,1],"6":[0],"7":[2],"8":[0],"9":[0]}}
,"C:\\Users\\USER\\Locale-API\\src\\api\\auth\\auth.routes.ts": {"path":"C:\\Users\\USER\\Locale-API\\src\\api\\auth\\auth.routes.ts","statementMap":{"0":{"start":{"line":1,"column":0},"end":{"line":1,"column":33}},"1":{"start":{"line":2,"column":0},"end":{"line":2,"column":71}},"2":{"start":{"line":3,"column":0},"end":{"line":3,"column":59}},"3":{"start":{"line":4,"column":0},"end":{"line":4,"column":67}},"4":{"start":{"line":5,"column":0},"end":{"line":5,"column":56}},"5":{"start":{"line":7,"column":19},"end":{"line":7,"column":27}},"6":{"start":{"line":9,"column":0},"end":{"line":9,"column":54}},"7":{"start":{"line":11,"column":0},"end":{"line":11,"column":73}},"8":{"start":{"line":13,"column":0},"end":{"line":13,"column":47}},"9":{"start":{"line":15,"column":0},"end":{"line":15,"column":26}}},"fnMap":{},"branchMap":{},"s":{"0":2,"1":2,"2":2,"3":2,"4":2,"5":2,"6":2,"7":2,"8":2,"9":2},"f":{},"b":{}}
,"C:\\Users\\USER\\Locale-API\\src\\api\\local\\local.controller.ts": {"path":"C:\\Users\\USER\\Locale-API\\src\\api\\local\\local.controller.ts","statementMap":{"0":{"start":{"line":10,"column":0},"end":{"line":10,"column":53}},"1":{"start":{"line":11,"column":0},"end":{"line":11,"column":40}},"2":{"start":{"line":12,"column":0},"end":{"line":12,"column":67}},"3":{"start":{"line":14,"column":25},"end":{"line":53,"column":2}},"4":{"start":{"line":14,"column":83},"end":{"line":53,"column":2}},"5":{"start":{"line":15,"column":26},"end":{"line":15,"column":34}},"6":{"start":{"line":18,"column":4},"end":{"line":23,"column":null}},"7":{"start":{"line":19,"column":8},"end":{"line":22,"column":11}},"8":{"start":{"line":24,"column":4},"end":{"line":52,"column":null}},"9":{"start":{"line":26,"column":43},"end":{"line":26,"column":103}},"10":{"start":{"line":27,"column":8},"end":{"line":32,"column":null}},"11":{"start":{"line":28,"column":12},"end":{"line":31,"column":15}},"12":{"start":{"line":35,"column":29},"end":{"line":35,"column":50}},"13":{"start":{"line":37,"column":25},"end":{"line":37,"column":45}},"14":{"start":{"line":39,"column":8},"end":{"line":39,"column":49}},"15":{"start":{"line":42,"column":8},"end":{"line":42,"column":28}},"16":{"start":{"line":44,"column":8},"end":{"line":48,"column":11}},"17":{"start":{"line":50,"column":8},"end":{"line":50,"column":52}},"18":{"start":{"line":51,"column":8},"end":{"line":51,"column":27}},"19":{"start":{"line":14,"column":13},"end":{"line":14,"column":25}},"20":{"start":{"line":55,"column":26},"end":{"line":98,"column":2}},"21":{"start":{"line":55,"column":84},"end":{"line":98,"column":2}},"22":{"start":{"line":56,"column":22},"end":{"line":56,"column":25}},"23":{"start":{"line":58,"column":4},"end":{"line":97,"column":null}},"24":{"start":{"line":59,"column":95},"end":{"line":59,"column":100}},"25":{"start":{"line":61,"column":25},"end":{"line":61,"column":123}},"26":{"start":{"line":63,"column":26},"end":{"line":63,"column":45}},"27":{"start":{"line":64,"column":8},"end":{"line":66,"column":null}},"28":{"start":{"line":65,"column":12},"end":{"line":65,"column":123}},"29":{"start":{"line":69,"column":30},"end":{"line":69,"column":92}},"30":{"start":{"line":70,"column":31},"end":{"line":70,"column":94}},"31":{"start":{"line":73,"column":34},"end":{"line":73,"column":141}},"32":{"start":{"line":75,"column":8},"end":{"line":79,"column":null}},"33":{"start":{"line":76,"column":12},"end":{"line":78,"column":15}},"34":{"start":{"line":81,"column":8},"end":{"line":81,"column":47}},"35":{"start":{"line":83,"column":34},"end":{"line":83,"column":62}},"36":{"start":{"line":85,"column":8},"end":{"line":93,"column":11}},"37":{"start":{"line":95,"column":8},"end":{"line":95,"column":55}},"38":{"start":{"line":96,"column":8},"end":{"line":96,"column":27}},"39":{"start":{"line":55,"column":13},"end":{"line":55,"column":26}},"40":{"start":{"line":100,"column":25},"end":{"line":163,"column":2}},"41":{"start":{"line":100,"column":83},"end":{"line":163,"column":2}},"42":{"start":{"line":101,"column":4},"end":{"line":162,"column":null}},"43":{"start":{"line":102,"column":30},"end":{"line":102,"column":43}},"44":{"start":{"line":104,"column":8},"end":{"line":109,"column":null}},"45":{"start":{"line":105,"column":12},"end":{"line":108,"column":15}},"46":{"start":{"line":111,"column":25},"end":{"line":111,"column":39}},"47":{"start":{"line":113,"column":30},"end":{"line":113,"column":38}},"48":{"start":{"line":115,"column":8},"end":{"line":120,"column":null}},"49":{"start":{"line":116,"column":12},"end":{"line":119,"column":15}},"50":{"start":{"line":123,"column":37},"end":{"line":123,"column":74}},"51":{"start":{"line":125,"column":8},"end":{"line":130,"column":null}},"52":{"start":{"line":126,"column":12},"end":{"line":129,"column":15}},"53":{"start":{"line":133,"column":43},"end":{"line":133,"column":103}},"54":{"start":{"line":136,"column":8},"end":{"line":141,"column":null}},"55":{"start":{"line":137,"column":12},"end":{"line":140,"column":15}},"56":{"start":{"line":144,"column":40},"end":{"line":144,"column":120}},"57":{"start":{"line":146,"column":8},"end":{"line":151,"column":null}},"58":{"start":{"line":147,"column":12},"end":{"line":150,"column":15}},"59":{"start":{"line":153,"column":8},"end":{"line":153,"column":48}},"60":{"start":{"line":155,"column":8},"end":{"line":159,"column":11}},"61":{"start":{"line":161,"column":8},"end":{"line":161,"column":27}},"62":{"start":{"line":100,"column":13},"end":{"line":100,"column":25}},"63":{"start":{"line":165,"column":26},"end":{"line":198,"column":2}},"64":{"start":{"line":165,"column":84},"end":{"line":198,"column":2}},"65":{"start":{"line":166,"column":26},"end":{"line":166,"column":39}},"66":{"start":{"line":167,"column":4},"end":{"line":167,"column":23}},"67":{"start":{"line":168,"column":4},"end":{"line":173,"column":null}},"68":{"start":{"line":169,"column":8},"end":{"line":172,"column":11}},"69":{"start":{"line":174,"column":4},"end":{"line":197,"column":null}},"70":{"start":{"line":175,"column":25},"end":{"line":175,"column":39}},"71":{"start":{"line":177,"column":39},"end":{"line":177,"column":69}},"72":{"start":{"line":178,"column":8},"end":{"line":183,"column":null}},"73":{"start":{"line":179,"column":12},"end":{"line":182,"column":15}},"74":{"start":{"line":185,"column":26},"end":{"line":185,"column":45}},"75":{"start":{"line":186,"column":8},"end":{"line":188,"column":null}},"76":{"start":{"line":187,"column":12},"end":{"line":187,"column":123}},"77":{"start":{"line":189,"column":8},"end":{"line":193,"column":11}},"78":{"start":{"line":195,"column":8},"end":{"line":195,"column":54}},"79":{"start":{"line":196,"column":8},"end":{"line":196,"column":27}},"80":{"start":{"line":165,"column":13},"end":{"line":165,"column":26}},"81":{"start":{"line":200,"column":25},"end":{"line":234,"column":2}},"82":{"start":{"line":200,"column":83},"end":{"line":234,"column":2}},"83":{"start":{"line":201,"column":26},"end":{"line":201,"column":39}},"84":{"start":{"line":202,"column":4},"end":{"line":208,"column":null}},"85":{"start":{"line":204,"column":8},"end":{"line":207,"column":11}},"86":{"start":{"line":209,"column":4},"end":{"line":233,"column":null}},"87":{"start":{"line":210,"column":25},"end":{"line":210,"column":39}},"88":{"start":{"line":211,"column":37},"end":{"line":211,"column":74}},"89":{"start":{"line":212,"column":8},"end":{"line":217,"column":null}},"90":{"start":{"line":213,"column":12},"end":{"line":216,"column":15}},"91":{"start":{"line":219,"column":30},"end":{"line":219,"column":55}},"92":{"start":{"line":221,"column":8},"end":{"line":221,"column":37}},"93":{"start":{"line":223,"column":21},"end":{"line":223,"column":91}},"94":{"start":{"line":225,"column":8},"end":{"line":229,"column":11}},"95":{"start":{"line":231,"column":8},"end":{"line":231,"column":52}},"96":{"start":{"line":232,"column":8},"end":{"line":232,"column":27}},"97":{"start":{"line":200,"column":13},"end":{"line":200,"column":25}}},"fnMap":{"0":{"name":"(anonymous_8)","decl":{"start":{"line":14,"column":25},"end":{"line":14,"column":32}},"loc":{"start":{"line":14,"column":83},"end":{"line":53,"column":2}}},"1":{"name":"(anonymous_9)","decl":{"start":{"line":14,"column":83},"end":{"line":14,"column":null}},"loc":{"start":{"line":14,"column":83},"end":{"line":53,"column":1}}},"2":{"name":"(anonymous_10)","decl":{"start":{"line":55,"column":26},"end":{"line":55,"column":33}},"loc":{"start":{"line":55,"column":84},"end":{"line":98,"column":2}}},"3":{"name":"(anonymous_11)","decl":{"start":{"line":55,"column":84},"end":{"line":55,"column":null}},"loc":{"start":{"line":55,"column":84},"end":{"line":98,"column":1}}},"4":{"name":"(anonymous_12)","decl":{"start":{"line":100,"column":25},"end":{"line":100,"column":32}},"loc":{"start":{"line":100,"column":83},"end":{"line":163,"column":2}}},"5":{"name":"(anonymous_13)","decl":{"start":{"line":100,"column":83},"end":{"line":100,"column":null}},"loc":{"start":{"line":100,"column":83},"end":{"line":163,"column":1}}},"6":{"name":"(anonymous_14)","decl":{"start":{"line":165,"column":26},"end":{"line":165,"column":33}},"loc":{"start":{"line":165,"column":84},"end":{"line":198,"column":2}}},"7":{"name":"(anonymous_15)","decl":{"start":{"line":165,"column":84},"end":{"line":165,"column":null}},"loc":{"start":{"line":165,"column":84},"end":{"line":198,"column":1}}},"8":{"name":"(anonymous_16)","decl":{"start":{"line":200,"column":25},"end":{"line":200,"column":32}},"loc":{"start":{"line":200,"column":83},"end":{"line":234,"column":2}}},"9":{"name":"(anonymous_17)","decl":{"start":{"line":200,"column":83},"end":{"line":200,"column":null}},"loc":{"start":{"line":200,"column":83},"end":{"line":234,"column":1}}}},"branchMap":{"0":{"loc":{"start":{"line":18,"column":4},"end":{"line":23,"column":null}},"type":"if","locations":[{"start":{"line":18,"column":4},"end":{"line":23,"column":null}}]},"1":{"loc":{"start":{"line":27,"column":8},"end":{"line":32,"column":null}},"type":"if","locations":[{"start":{"line":27,"column":8},"end":{"line":32,"column":null}}]},"2":{"loc":{"start":{"line":64,"column":8},"end":{"line":66,"column":null}},"type":"if","locations":[{"start":{"line":64,"column":8},"end":{"line":66,"column":null}}]},"3":{"loc":{"start":{"line":69,"column":30},"end":{"line":69,"column":92}},"type":"cond-expr","locations":[{"start":{"line":69,"column":48},"end":{"line":69,"column":87}},{"start":{"line":69,"column":90},"end":{"line":69,"column":92}}]},"4":{"loc":{"start":{"line":70,"column":31},"end":{"line":70,"column":94}},"type":"cond-expr","locations":[{"start":{"line":70,"column":50},"end":{"line":70,"column":90}},{"start":{"line":70,"column":93},"end":{"line":70,"column":94}}]},"5":{"loc":{"start":{"line":75,"column":8},"end":{"line":79,"column":null}},"type":"if","locations":[{"start":{"line":75,"column":8},"end":{"line":79,"column":null}}]},"6":{"loc":{"start":{"line":104,"column":8},"end":{"line":109,"column":null}},"type":"if","locations":[{"start":{"line":104,"column":8},"end":{"line":109,"column":null}}]},"7":{"loc":{"start":{"line":115,"column":8},"end":{"line":120,"column":null}},"type":"if","locations":[{"start":{"line":115,"column":8},"end":{"line":120,"column":null}}]},"8":{"loc":{"start":{"line":125,"column":8},"end":{"line":130,"column":null}},"type":"if","locations":[{"start":{"line":125,"column":8},"end":{"line":130,"column":null}}]},"9":{"loc":{"start":{"line":136,"column":8},"end":{"line":141,"column":null}},"type":"if","locations":[{"start":{"line":136,"column":8},"end":{"line":141,"column":null}}]},"10":{"loc":{"start":{"line":136,"column":12},"end":{"line":136,"column":67}},"type":"binary-expr","locations":[{"start":{"line":136,"column":12},"end":{"line":136,"column":25}},{"start":{"line":136,"column":29},"end":{"line":136,"column":67}}]},"11":{"loc":{"start":{"line":146,"column":8},"end":{"line":151,"column":null}},"type":"if","locations":[{"start":{"line":146,"column":8},"end":{"line":151,"column":null}}]},"12":{"loc":{"start":{"line":168,"column":4},"end":{"line":173,"column":null}},"type":"if","locations":[{"start":{"line":168,"column":4},"end":{"line":173,"column":null}}]},"13":{"loc":{"start":{"line":178,"column":8},"end":{"line":183,"column":null}},"type":"if","locations":[{"start":{"line":178,"column":8},"end":{"line":183,"column":null}}]},"14":{"loc":{"start":{"line":186,"column":8},"end":{"line":188,"column":null}},"type":"if","locations":[{"start":{"line":186,"column":8},"end":{"line":188,"column":null}}]},"15":{"loc":{"start":{"line":202,"column":4},"end":{"line":208,"column":null}},"type":"if","locations":[{"start":{"line":202,"column":4},"end":{"line":208,"column":null}}]},"16":{"loc":{"start":{"line":212,"column":8},"end":{"line":217,"column":null}},"type":"if","locations":[{"start":{"line":212,"column":8},"end":{"line":217,"column":null}}]}},"s":{"0":2,"1":2,"2":2,"3":2,"4":0,"5":0,"6":0,"7":0,"8":0,"9":0,"10":0,"11":0,"12":0,"13":0,"14":0,"15":0,"16":0,"17":0,"18":0,"19":2,"20":2,"21":0,"22":0,"23":0,"24":0,"25":0,"26":0,"27":0,"28":0,"29":0,"30":0,"31":0,"32":0,"33":0,"34":0,"35":0,"36":0,"37":0,"38":0,"39":2,"40":2,"41":0,"42":0,"43":0,"44":0,"45":0,"46":0,"47":0,"48":0,"49":0,"50":0,"51":0,"52":0,"53":0,"54":0,"55":0,"56":0,"57":0,"58":0,"59":0,"60":0,"61":0,"62":2,"63":2,"64":0,"65":0,"66":0,"67":0,"68":0,"69":0,"70":0,"71":0,"72":0,"73":0,"74":0,"75":0,"76":0,"77":0,"78":0,"79":0,"80":2,"81":2,"82":0,"83":0,"84":0,"85":0,"86":0,"87":0,"88":0,"89":0,"90":0,"91":0,"92":0,"93":0,"94":0,"95":0,"96":0,"97":2},"f":{"0":0,"1":0,"2":0,"3":0,"4":0,"5":0,"6":0,"7":0,"8":0,"9":0},"b":{"0":[0],"1":[0],"2":[0],"3":[0,0],"4":[0,0],"5":[0],"6":[0],"7":[0],"8":[0],"9":[0],"10":[0,0],"11":[0],"12":[0],"13":[0],"14":[0],"15":[0],"16":[0]}}
,"C:\\Users\\USER\\Locale-API\\src\\api\\local\\local.routes.ts": {"path":"C:\\Users\\USER\\Locale-API\\src\\api\\local\\local.routes.ts","statementMap":{"0":{"start":{"line":1,"column":0},"end":{"line":1,"column":33}},"1":{"start":{"line":3,"column":0},"end":{"line":3,"column":102}},"2":{"start":{"line":4,"column":0},"end":{"line":4,"column":61}},"3":{"start":{"line":5,"column":0},"end":{"line":5,"column":70}},"4":{"start":{"line":6,"column":0},"end":{"line":6,"column":67}},"5":{"start":{"line":7,"column":0},"end":{"line":7,"column":56}},"6":{"start":{"line":9,"column":18},"end":{"line":9,"column":26}},"7":{"start":{"line":11,"column":0},"end":{"line":11,"column":90}},"8":{"start":{"line":13,"column":0},"end":{"line":13,"column":61}},"9":{"start":{"line":15,"column":0},"end":{"line":15,"column":64}},"10":{"start":{"line":17,"column":0},"end":{"line":17,"column":74}},"11":{"start":{"line":19,"column":0},"end":{"line":19,"column":67}},"12":{"start":{"line":21,"column":0},"end":{"line":21,"column":25}}},"fnMap":{},"branchMap":{},"s":{"0":2,"1":2,"2":2,"3":2,"4":2,"5":2,"6":2,"7":2,"8":2,"9":2,"10":2,"11":2,"12":2},"f":{},"b":{}}
,"C:\\Users\\USER\\Locale-API\\src\\api\\profile\\profile.controller.ts": {"path":"C:\\Users\\USER\\Locale-API\\src\\api\\profile\\profile.controller.ts","statementMap":{"0":{"start":{"line":8,"column":0},"end":{"line":8,"column":58}},"1":{"start":{"line":9,"column":0},"end":{"line":9,"column":67}},"2":{"start":{"line":10,"column":29},"end":{"line":46,"column":2}},"3":{"start":{"line":10,"column":87},"end":{"line":46,"column":2}},"4":{"start":{"line":11,"column":27},"end":{"line":11,"column":40}},"5":{"start":{"line":12,"column":4},"end":{"line":17,"column":null}},"6":{"start":{"line":13,"column":8},"end":{"line":16,"column":11}},"7":{"start":{"line":18,"column":4},"end":{"line":45,"column":null}},"8":{"start":{"line":19,"column":25},"end":{"line":19,"column":41}},"9":{"start":{"line":20,"column":32},"end":{"line":20,"column":40}},"10":{"start":{"line":21,"column":8},"end":{"line":26,"column":null}},"11":{"start":{"line":22,"column":12},"end":{"line":25,"column":15}},"12":{"start":{"line":27,"column":42},"end":{"line":27,"column":108}},"13":{"start":{"line":28,"column":8},"end":{"line":30,"column":null}},"14":{"start":{"line":29,"column":12},"end":{"line":29,"column":95}},"15":{"start":{"line":31,"column":8},"end":{"line":31,"column":49}},"16":{"start":{"line":32,"column":8},"end":{"line":36,"column":11}},"17":{"start":{"line":38,"column":8},"end":{"line":38,"column":61}},"18":{"start":{"line":39,"column":8},"end":{"line":44,"column":10}},"19":{"start":{"line":10,"column":13},"end":{"line":10,"column":29}},"20":{"start":{"line":48,"column":30},"end":{"line":80,"column":2}},"21":{"start":{"line":48,"column":88},"end":{"line":80,"column":2}},"22":{"start":{"line":49,"column":27},"end":{"line":49,"column":40}},"23":{"start":{"line":50,"column":4},"end":{"line":55,"column":null}},"24":{"start":{"line":51,"column":8},"end":{"line":54,"column":11}},"25":{"start":{"line":56,"column":4},"end":{"line":79,"column":null}},"26":{"start":{"line":57,"column":25},"end":{"line":57,"column":41}},"27":{"start":{"line":58,"column":35},"end":{"line":58,"column":67}},"28":{"start":{"line":59,"column":8},"end":{"line":61,"column":null}},"29":{"start":{"line":60,"column":12},"end":{"line":60,"column":95}},"30":{"start":{"line":62,"column":27},"end":{"line":62,"column":46}},"31":{"start":{"line":63,"column":8},"end":{"line":65,"column":null}},"32":{"start":{"line":64,"column":12},"end":{"line":64,"column":124}},"33":{"start":{"line":66,"column":8},"end":{"line":70,"column":11}},"34":{"start":{"line":72,"column":8},"end":{"line":72,"column":63}},"35":{"start":{"line":73,"column":8},"end":{"line":78,"column":10}},"36":{"start":{"line":48,"column":13},"end":{"line":48,"column":30}},"37":{"start":{"line":82,"column":29},"end":{"line":111,"column":2}},"38":{"start":{"line":82,"column":87},"end":{"line":111,"column":2}},"39":{"start":{"line":83,"column":27},"end":{"line":83,"column":40}},"40":{"start":{"line":84,"column":4},"end":{"line":89,"column":null}},"41":{"start":{"line":85,"column":8},"end":{"line":88,"column":11}},"42":{"start":{"line":90,"column":4},"end":{"line":110,"column":null}},"43":{"start":{"line":91,"column":25},"end":{"line":91,"column":41}},"44":{"start":{"line":92,"column":39},"end":{"line":92,"column":71}},"45":{"start":{"line":93,"column":8},"end":{"line":95,"column":null}},"46":{"start":{"line":94,"column":12},"end":{"line":94,"column":77}},"47":{"start":{"line":97,"column":31},"end":{"line":97,"column":57}},"48":{"start":{"line":99,"column":8},"end":{"line":99,"column":38}},"49":{"start":{"line":101,"column":21},"end":{"line":101,"column":97}},"50":{"start":{"line":102,"column":8},"end":{"line":106,"column":11}},"51":{"start":{"line":108,"column":8},"end":{"line":108,"column":61}},"52":{"start":{"line":109,"column":8},"end":{"line":109,"column":27}},"53":{"start":{"line":82,"column":13},"end":{"line":82,"column":29}}},"fnMap":{"0":{"name":"(anonymous_7)","decl":{"start":{"line":10,"column":29},"end":{"line":10,"column":36}},"loc":{"start":{"line":10,"column":87},"end":{"line":46,"column":2}}},"1":{"name":"(anonymous_8)","decl":{"start":{"line":10,"column":87},"end":{"line":10,"column":null}},"loc":{"start":{"line":10,"column":87},"end":{"line":46,"column":1}}},"2":{"name":"(anonymous_9)","decl":{"start":{"line":48,"column":30},"end":{"line":48,"column":37}},"loc":{"start":{"line":48,"column":88},"end":{"line":80,"column":2}}},"3":{"name":"(anonymous_10)","decl":{"start":{"line":48,"column":88},"end":{"line":48,"column":null}},"loc":{"start":{"line":48,"column":88},"end":{"line":80,"column":1}}},"4":{"name":"(anonymous_11)","decl":{"start":{"line":82,"column":29},"end":{"line":82,"column":36}},"loc":{"start":{"line":82,"column":87},"end":{"line":111,"column":2}}},"5":{"name":"(anonymous_12)","decl":{"start":{"line":82,"column":87},"end":{"line":82,"column":null}},"loc":{"start":{"line":82,"column":87},"end":{"line":111,"column":1}}}},"branchMap":{"0":{"loc":{"start":{"line":12,"column":4},"end":{"line":17,"column":null}},"type":"if","locations":[{"start":{"line":12,"column":4},"end":{"line":17,"column":null}}]},"1":{"loc":{"start":{"line":21,"column":8},"end":{"line":26,"column":null}},"type":"if","locations":[{"start":{"line":21,"column":8},"end":{"line":26,"column":null}}]},"2":{"loc":{"start":{"line":28,"column":8},"end":{"line":30,"column":null}},"type":"if","locations":[{"start":{"line":28,"column":8},"end":{"line":30,"column":null}}]},"3":{"loc":{"start":{"line":50,"column":4},"end":{"line":55,"column":null}},"type":"if","locations":[{"start":{"line":50,"column":4},"end":{"line":55,"column":null}}]},"4":{"loc":{"start":{"line":59,"column":8},"end":{"line":61,"column":null}},"type":"if","locations":[{"start":{"line":59,"column":8},"end":{"line":61,"column":null}}]},"5":{"loc":{"start":{"line":63,"column":8},"end":{"line":65,"column":null}},"type":"if","locations":[{"start":{"line":63,"column":8},"end":{"line":65,"column":null}}]},"6":{"loc":{"start":{"line":84,"column":4},"end":{"line":89,"column":null}},"type":"if","locations":[{"start":{"line":84,"column":4},"end":{"line":89,"column":null}}]},"7":{"loc":{"start":{"line":93,"column":8},"end":{"line":95,"column":null}},"type":"if","locations":[{"start":{"line":93,"column":8},"end":{"line":95,"column":null}}]}},"s":{"0":2,"1":2,"2":2,"3":0,"4":0,"5":0,"6":0,"7":0,"8":0,"9":0,"10":0,"11":0,"12":0,"13":0,"14":0,"15":0,"16":0,"17":0,"18":0,"19":2,"20":2,"21":0,"22":0,"23":0,"24":0,"25":0,"26":0,"27":0,"28":0,"29":0,"30":0,"31":0,"32":0,"33":0,"34":0,"35":0,"36":2,"37":2,"38":0,"39":0,"40":0,"41":0,"42":0,"43":0,"44":0,"45":0,"46":0,"47":0,"48":0,"49":0,"50":0,"51":0,"52":0,"53":2},"f":{"0":0,"1":0,"2":0,"3":0,"4":0,"5":0},"b":{"0":[0],"1":[0],"2":[0],"3":[0],"4":[0],"5":[0],"6":[0],"7":[0]}}
,"C:\\Users\\USER\\Locale-API\\src\\api\\profile\\profile.routes.ts": {"path":"C:\\Users\\USER\\Locale-API\\src\\api\\profile\\profile.routes.ts","statementMap":{"0":{"start":{"line":1,"column":0},"end":{"line":1,"column":33}},"1":{"start":{"line":2,"column":0},"end":{"line":2,"column":95}},"2":{"start":{"line":3,"column":0},"end":{"line":3,"column":61}},"3":{"start":{"line":4,"column":0},"end":{"line":4,"column":70}},"4":{"start":{"line":6,"column":22},"end":{"line":6,"column":30}},"5":{"start":{"line":8,"column":0},"end":{"line":8,"column":72}},"6":{"start":{"line":10,"column":0},"end":{"line":10,"column":82}},"7":{"start":{"line":12,"column":0},"end":{"line":12,"column":75}},"8":{"start":{"line":14,"column":0},"end":{"line":14,"column":29}}},"fnMap":{},"branchMap":{},"s":{"0":2,"1":2,"2":2,"3":2,"4":2,"5":2,"6":2,"7":2,"8":2},"f":{},"b":{}}
,"C:\\Users\\USER\\Locale-API\\src\\api\\region\\region.controller.ts": {"path":"C:\\Users\\USER\\Locale-API\\src\\api\\region\\region.controller.ts","statementMap":{"0":{"start":{"line":10,"column":0},"end":{"line":10,"column":60}},"1":{"start":{"line":11,"column":0},"end":{"line":11,"column":40}},"2":{"start":{"line":12,"column":0},"end":{"line":12,"column":67}},"3":{"start":{"line":14,"column":28},"end":{"line":46,"column":2}},"4":{"start":{"line":14,"column":86},"end":{"line":46,"column":2}},"5":{"start":{"line":15,"column":32},"end":{"line":15,"column":40}},"6":{"start":{"line":16,"column":4},"end":{"line":21,"column":null}},"7":{"start":{"line":17,"column":8},"end":{"line":20,"column":11}},"8":{"start":{"line":22,"column":4},"end":{"line":45,"column":null}},"9":{"start":{"line":24,"column":46},"end":{"line":24,"column":113}},"10":{"start":{"line":25,"column":8},"end":{"line":30,"column":null}},"11":{"start":{"line":26,"column":12},"end":{"line":29,"column":15}},"12":{"start":{"line":31,"column":35},"end":{"line":31,"column":62}},"13":{"start":{"line":32,"column":25},"end":{"line":32,"column":51}},"14":{"start":{"line":33,"column":8},"end":{"line":33,"column":52}},"15":{"start":{"line":35,"column":37},"end":{"line":35,"column":59}},"16":{"start":{"line":37,"column":8},"end":{"line":41,"column":11}},"17":{"start":{"line":43,"column":8},"end":{"line":43,"column":53}},"18":{"start":{"line":44,"column":8},"end":{"line":44,"column":27}},"19":{"start":{"line":14,"column":13},"end":{"line":14,"column":28}},"20":{"start":{"line":48,"column":29},"end":{"line":89,"column":2}},"21":{"start":{"line":48,"column":87},"end":{"line":89,"column":2}},"22":{"start":{"line":49,"column":22},"end":{"line":49,"column":25}},"23":{"start":{"line":50,"column":4},"end":{"line":88,"column":null}},"24":{"start":{"line":51,"column":54},"end":{"line":51,"column":59}},"25":{"start":{"line":52,"column":25},"end":{"line":52,"column":77}},"26":{"start":{"line":53,"column":29},"end":{"line":53,"column":48}},"27":{"start":{"line":54,"column":8},"end":{"line":56,"column":null}},"28":{"start":{"line":55,"column":12},"end":{"line":55,"column":126}},"29":{"start":{"line":58,"column":30},"end":{"line":58,"column":92}},"30":{"start":{"line":59,"column":31},"end":{"line":59,"column":94}},"31":{"start":{"line":61,"column":37},"end":{"line":64,"column":10}},"32":{"start":{"line":66,"column":8},"end":{"line":70,"column":null}},"33":{"start":{"line":67,"column":12},"end":{"line":69,"column":15}},"34":{"start":{"line":72,"column":8},"end":{"line":72,"column":50}},"35":{"start":{"line":74,"column":34},"end":{"line":74,"column":62}},"36":{"start":{"line":76,"column":8},"end":{"line":84,"column":11}},"37":{"start":{"line":86,"column":8},"end":{"line":86,"column":55}},"38":{"start":{"line":87,"column":8},"end":{"line":87,"column":27}},"39":{"start":{"line":48,"column":13},"end":{"line":48,"column":29}},"40":{"start":{"line":91,"column":29},"end":{"line":118,"column":2}},"41":{"start":{"line":91,"column":87},"end":{"line":118,"column":2}},"42":{"start":{"line":92,"column":29},"end":{"line":92,"column":42}},"43":{"start":{"line":93,"column":4},"end":{"line":98,"column":null}},"44":{"start":{"line":94,"column":8},"end":{"line":97,"column":11}},"45":{"start":{"line":99,"column":4},"end":{"line":117,"column":null}},"46":{"start":{"line":100,"column":25},"end":{"line":100,"column":45}},"47":{"start":{"line":101,"column":39},"end":{"line":101,"column":75}},"48":{"start":{"line":102,"column":8},"end":{"line":104,"column":null}},"49":{"start":{"line":103,"column":12},"end":{"line":103,"column":83}},"50":{"start":{"line":105,"column":29},"end":{"line":105,"column":48}},"51":{"start":{"line":106,"column":8},"end":{"line":108,"column":null}},"52":{"start":{"line":107,"column":12},"end":{"line":107,"column":126}},"53":{"start":{"line":109,"column":8},"end":{"line":113,"column":11}},"54":{"start":{"line":115,"column":8},"end":{"line":115,"column":56}},"55":{"start":{"line":116,"column":8},"end":{"line":116,"column":27}},"56":{"start":{"line":91,"column":13},"end":{"line":91,"column":29}},"57":{"start":{"line":120,"column":28},"end":{"line":177,"column":2}},"58":{"start":{"line":120,"column":86},"end":{"line":177,"column":2}},"59":{"start":{"line":121,"column":29},"end":{"line":121,"column":42}},"60":{"start":{"line":122,"column":4},"end":{"line":127,"column":null}},"61":{"start":{"line":123,"column":8},"end":{"line":126,"column":11}},"62":{"start":{"line":129,"column":4},"end":{"line":176,"column":null}},"63":{"start":{"line":130,"column":25},"end":{"line":130,"column":45}},"64":{"start":{"line":131,"column":36},"end":{"line":131,"column":44}},"65":{"start":{"line":132,"column":8},"end":{"line":137,"column":null}},"66":{"start":{"line":133,"column":12},"end":{"line":136,"column":15}},"67":{"start":{"line":140,"column":43},"end":{"line":140,"column":86}},"68":{"start":{"line":141,"column":8},"end":{"line":146,"column":null}},"69":{"start":{"line":142,"column":12},"end":{"line":145,"column":15}},"70":{"start":{"line":148,"column":46},"end":{"line":148,"column":112}},"71":{"start":{"line":150,"column":8},"end":{"line":155,"column":null}},"72":{"start":{"line":151,"column":12},"end":{"line":154,"column":15}},"73":{"start":{"line":158,"column":46},"end":{"line":163,"column":null}},"74":{"start":{"line":166,"column":8},"end":{"line":166,"column":51}},"75":{"start":{"line":168,"column":8},"end":{"line":172,"column":11}},"76":{"start":{"line":174,"column":8},"end":{"line":174,"column":53}},"77":{"start":{"line":175,"column":8},"end":{"line":175,"column":27}},"78":{"start":{"line":120,"column":13},"end":{"line":120,"column":28}},"79":{"start":{"line":179,"column":28},"end":{"line":212,"column":2}},"80":{"start":{"line":179,"column":86},"end":{"line":212,"column":2}},"81":{"start":{"line":180,"column":29},"end":{"line":180,"column":42}},"82":{"start":{"line":181,"column":4},"end":{"line":186,"column":null}},"83":{"start":{"line":182,"column":8},"end":{"line":185,"column":11}},"84":{"start":{"line":188,"column":4},"end":{"line":211,"column":null}},"85":{"start":{"line":189,"column":25},"end":{"line":189,"column":44}},"86":{"start":{"line":190,"column":43},"end":{"line":190,"column":79}},"87":{"start":{"line":191,"column":8},"end":{"line":196,"column":null}},"88":{"start":{"line":192,"column":12},"end":{"line":195,"column":15}},"89":{"start":{"line":198,"column":33},"end":{"line":198,"column":61}},"90":{"start":{"line":200,"column":8},"end":{"line":200,"column":40}},"91":{"start":{"line":202,"column":21},"end":{"line":202,"column":97}},"92":{"start":{"line":203,"column":8},"end":{"line":207,"column":11}},"93":{"start":{"line":209,"column":8},"end":{"line":209,"column":53}},"94":{"start":{"line":210,"column":8},"end":{"line":210,"column":27}},"95":{"start":{"line":179,"column":13},"end":{"line":179,"column":28}}},"fnMap":{"0":{"name":"(anonymous_8)","decl":{"start":{"line":14,"column":28},"end":{"line":14,"column":35}},"loc":{"start":{"line":14,"column":86},"end":{"line":46,"column":2}}},"1":{"name":"(anonymous_9)","decl":{"start":{"line":14,"column":86},"end":{"line":14,"column":null}},"loc":{"start":{"line":14,"column":86},"end":{"line":46,"column":1}}},"2":{"name":"(anonymous_10)","decl":{"start":{"line":48,"column":29},"end":{"line":48,"column":36}},"loc":{"start":{"line":48,"column":87},"end":{"line":89,"column":2}}},"3":{"name":"(anonymous_11)","decl":{"start":{"line":48,"column":87},"end":{"line":48,"column":null}},"loc":{"start":{"line":48,"column":87},"end":{"line":89,"column":1}}},"4":{"name":"(anonymous_12)","decl":{"start":{"line":91,"column":29},"end":{"line":91,"column":36}},"loc":{"start":{"line":91,"column":87},"end":{"line":118,"column":2}}},"5":{"name":"(anonymous_13)","decl":{"start":{"line":91,"column":87},"end":{"line":91,"column":null}},"loc":{"start":{"line":91,"column":87},"end":{"line":118,"column":1}}},"6":{"name":"(anonymous_14)","decl":{"start":{"line":120,"column":28},"end":{"line":120,"column":35}},"loc":{"start":{"line":120,"column":86},"end":{"line":177,"column":2}}},"7":{"name":"(anonymous_15)","decl":{"start":{"line":120,"column":86},"end":{"line":120,"column":null}},"loc":{"start":{"line":120,"column":86},"end":{"line":177,"column":1}}},"8":{"name":"(anonymous_16)","decl":{"start":{"line":179,"column":28},"end":{"line":179,"column":35}},"loc":{"start":{"line":179,"column":86},"end":{"line":212,"column":2}}},"9":{"name":"(anonymous_17)","decl":{"start":{"line":179,"column":86},"end":{"line":179,"column":null}},"loc":{"start":{"line":179,"column":86},"end":{"line":212,"column":1}}}},"branchMap":{"0":{"loc":{"start":{"line":16,"column":4},"end":{"line":21,"column":null}},"type":"if","locations":[{"start":{"line":16,"column":4},"end":{"line":21,"column":null}}]},"1":{"loc":{"start":{"line":25,"column":8},"end":{"line":30,"column":null}},"type":"if","locations":[{"start":{"line":25,"column":8},"end":{"line":30,"column":null}}]},"2":{"loc":{"start":{"line":54,"column":8},"end":{"line":56,"column":null}},"type":"if","locations":[{"start":{"line":54,"column":8},"end":{"line":56,"column":null}}]},"3":{"loc":{"start":{"line":58,"column":30},"end":{"line":58,"column":92}},"type":"cond-expr","locations":[{"start":{"line":58,"column":48},"end":{"line":58,"column":87}},{"start":{"line":58,"column":90},"end":{"line":58,"column":92}}]},"4":{"loc":{"start":{"line":59,"column":31},"end":{"line":59,"column":94}},"type":"cond-expr","locations":[{"start":{"line":59,"column":50},"end":{"line":59,"column":90}},{"start":{"line":59,"column":93},"end":{"line":59,"column":94}}]},"5":{"loc":{"start":{"line":66,"column":8},"end":{"line":70,"column":null}},"type":"if","locations":[{"start":{"line":66,"column":8},"end":{"line":70,"column":null}}]},"6":{"loc":{"start":{"line":93,"column":4},"end":{"line":98,"column":null}},"type":"if","locations":[{"start":{"line":93,"column":4},"end":{"line":98,"column":null}}]},"7":{"loc":{"start":{"line":102,"column":8},"end":{"line":104,"column":null}},"type":"if","locations":[{"start":{"line":102,"column":8},"end":{"line":104,"column":null}}]},"8":{"loc":{"start":{"line":106,"column":8},"end":{"line":108,"column":null}},"type":"if","locations":[{"start":{"line":106,"column":8},"end":{"line":108,"column":null}}]},"9":{"loc":{"start":{"line":122,"column":4},"end":{"line":127,"column":null}},"type":"if","locations":[{"start":{"line":122,"column":4},"end":{"line":127,"column":null}}]},"10":{"loc":{"start":{"line":132,"column":8},"end":{"line":137,"column":null}},"type":"if","locations":[{"start":{"line":132,"column":8},"end":{"line":137,"column":null}}]},"11":{"loc":{"start":{"line":141,"column":8},"end":{"line":146,"column":null}},"type":"if","locations":[{"start":{"line":141,"column":8},"end":{"line":146,"column":null}}]},"12":{"loc":{"start":{"line":150,"column":8},"end":{"line":155,"column":null}},"type":"if","locations":[{"start":{"line":150,"column":8},"end":{"line":155,"column":null}}]},"13":{"loc":{"start":{"line":150,"column":12},"end":{"line":150,"column":70}},"type":"binary-expr","locations":[{"start":{"line":150,"column":12},"end":{"line":150,"column":25}},{"start":{"line":150,"column":29},"end":{"line":150,"column":70}}]},"14":{"loc":{"start":{"line":181,"column":4},"end":{"line":186,"column":null}},"type":"if","locations":[{"start":{"line":181,"column":4},"end":{"line":186,"column":null}}]},"15":{"loc":{"start":{"line":191,"column":8},"end":{"line":196,"column":null}},"type":"if","locations":[{"start":{"line":191,"column":8},"end":{"line":196,"column":null}}]}},"s":{"0":2,"1":2,"2":2,"3":2,"4":0,"5":0,"6":0,"7":0,"8":0,"9":0,"10":0,"11":0,"12":0,"13":0,"14":0,"15":0,"16":0,"17":0,"18":0,"19":2,"20":2,"21":0,"22":0,"23":0,"24":0,"25":0,"26":0,"27":0,"28":0,"29":0,"30":0,"31":0,"32":0,"33":0,"34":0,"35":0,"36":0,"37":0,"38":0,"39":2,"40":2,"41":0,"42":0,"43":0,"44":0,"45":0,"46":0,"47":0,"48":0,"49":0,"50":0,"51":0,"52":0,"53":0,"54":0,"55":0,"56":2,"57":2,"58":0,"59":0,"60":0,"61":0,"62":0,"63":0,"64":0,"65":0,"66":0,"67":0,"68":0,"69":0,"70":0,"71":0,"72":0,"73":0,"74":0,"75":0,"76":0,"77":0,"78":2,"79":2,"80":0,"81":0,"82":0,"83":0,"84":0,"85":0,"86":0,"87":0,"88":0,"89":0,"90":0,"91":0,"92":0,"93":0,"94":0,"95":2},"f":{"0":0,"1":0,"2":0,"3":0,"4":0,"5":0,"6":0,"7":0,"8":0,"9":0},"b":{"0":[0],"1":[0],"2":[0],"3":[0,0],"4":[0,0],"5":[0],"6":[0],"7":[0],"8":[0],"9":[0],"10":[0],"11":[0],"12":[0],"13":[0,0],"14":[0],"15":[0]}}
,"C:\\Users\\USER\\Locale-API\\src\\api\\region\\region.routes.ts": {"path":"C:\\Users\\USER\\Locale-API\\src\\api\\region\\region.routes.ts","statementMap":{"0":{"start":{"line":1,"column":0},"end":{"line":1,"column":33}},"1":{"start":{"line":2,"column":0},"end":{"line":2,"column":119}},"2":{"start":{"line":3,"column":0},"end":{"line":3,"column":61}},"3":{"start":{"line":4,"column":0},"end":{"line":4,"column":70}},"4":{"start":{"line":5,"column":0},"end":{"line":5,"column":67}},"5":{"start":{"line":6,"column":0},"end":{"line":6,"column":60}},"6":{"start":{"line":8,"column":21},"end":{"line":8,"column":29}},"7":{"start":{"line":10,"column":0},"end":{"line":10,"column":99}},"8":{"start":{"line":12,"column":0},"end":{"line":12,"column":67}},"9":{"start":{"line":14,"column":0},"end":{"line":14,"column":70}},"10":{"start":{"line":16,"column":0},"end":{"line":16,"column":80}},"11":{"start":{"line":18,"column":0},"end":{"line":18,"column":73}},"12":{"start":{"line":20,"column":0},"end":{"line":20,"column":28}}},"fnMap":{},"branchMap":{},"s":{"0":2,"1":2,"2":2,"3":2,"4":2,"5":2,"6":2,"7":2,"8":2,"9":2,"10":2,"11":2,"12":2},"f":{},"b":{}}
,"C:\\Users\\USER\\Locale-API\\src\\api\\state\\state.controller.ts": {"path":"C:\\Users\\USER\\Locale-API\\src\\api\\state\\state.controller.ts","statementMap":{"0":{"start":{"line":8,"column":0},"end":{"line":8,"column":57}},"1":{"start":{"line":9,"column":0},"end":{"line":9,"column":40}},"2":{"start":{"line":10,"column":0},"end":{"line":10,"column":67}},"3":{"start":{"line":12,"column":27},"end":{"line":46,"column":2}},"4":{"start":{"line":12,"column":85},"end":{"line":46,"column":2}},"5":{"start":{"line":13,"column":33},"end":{"line":13,"column":41}},"6":{"start":{"line":14,"column":4},"end":{"line":19,"column":null}},"7":{"start":{"line":15,"column":8},"end":{"line":18,"column":11}},"8":{"start":{"line":20,"column":4},"end":{"line":45,"column":null}},"9":{"start":{"line":22,"column":45},"end":{"line":22,"column":112}},"10":{"start":{"line":23,"column":8},"end":{"line":28,"column":null}},"11":{"start":{"line":24,"column":12},"end":{"line":27,"column":15}},"12":{"start":{"line":30,"column":33},"end":{"line":30,"column":61}},"13":{"start":{"line":32,"column":25},"end":{"line":32,"column":52}},"14":{"start":{"line":33,"column":8},"end":{"line":33,"column":55}},"15":{"start":{"line":35,"column":35},"end":{"line":35,"column":56}},"16":{"start":{"line":36,"column":8},"end":{"line":36,"column":32}},"17":{"start":{"line":37,"column":8},"end":{"line":41,"column":11}},"18":{"start":{"line":43,"column":8},"end":{"line":43,"column":52}},"19":{"start":{"line":44,"column":8},"end":{"line":44,"column":22}},"20":{"start":{"line":12,"column":13},"end":{"line":12,"column":27}},"21":{"start":{"line":48,"column":27},"end":{"line":104,"column":2}},"22":{"start":{"line":48,"column":85},"end":{"line":104,"column":2}},"23":{"start":{"line":49,"column":28},"end":{"line":49,"column":41}},"24":{"start":{"line":50,"column":4},"end":{"line":55,"column":null}},"25":{"start":{"line":51,"column":8},"end":{"line":54,"column":11}},"26":{"start":{"line":56,"column":4},"end":{"line":103,"column":null}},"27":{"start":{"line":57,"column":25},"end":{"line":57,"column":43}},"28":{"start":{"line":58,"column":34},"end":{"line":58,"column":42}},"29":{"start":{"line":59,"column":8},"end":{"line":64,"column":null}},"30":{"start":{"line":60,"column":12},"end":{"line":63,"column":15}},"31":{"start":{"line":66,"column":41},"end":{"line":66,"column":82}},"32":{"start":{"line":67,"column":8},"end":{"line":72,"column":null}},"33":{"start":{"line":68,"column":12},"end":{"line":71,"column":15}},"34":{"start":{"line":74,"column":45},"end":{"line":74,"column":109}},"35":{"start":{"line":77,"column":8},"end":{"line":82,"column":null}},"36":{"start":{"line":78,"column":12},"end":{"line":81,"column":15}},"37":{"start":{"line":85,"column":44},"end":{"line":90,"column":null}},"38":{"start":{"line":93,"column":8},"end":{"line":93,"column":50}},"39":{"start":{"line":95,"column":8},"end":{"line":99,"column":11}},"40":{"start":{"line":101,"column":8},"end":{"line":101,"column":52}},"41":{"start":{"line":102,"column":8},"end":{"line":102,"column":22}},"42":{"start":{"line":48,"column":13},"end":{"line":48,"column":27}},"43":{"start":{"line":106,"column":28},"end":{"line":150,"column":2}},"44":{"start":{"line":106,"column":86},"end":{"line":150,"column":2}},"45":{"start":{"line":107,"column":22},"end":{"line":107,"column":25}},"46":{"start":{"line":108,"column":4},"end":{"line":149,"column":null}},"47":{"start":{"line":109,"column":110},"end":{"line":109,"column":115}},"48":{"start":{"line":110,"column":25},"end":{"line":110,"column":145}},"49":{"start":{"line":111,"column":28},"end":{"line":111,"column":47}},"50":{"start":{"line":112,"column":8},"end":{"line":114,"column":null}},"51":{"start":{"line":113,"column":12},"end":{"line":113,"column":125}},"52":{"start":{"line":116,"column":30},"end":{"line":116,"column":92}},"53":{"start":{"line":117,"column":31},"end":{"line":117,"column":94}},"54":{"start":{"line":120,"column":36},"end":{"line":120,"column":147}},"55":{"start":{"line":122,"column":8},"end":{"line":126,"column":null}},"56":{"start":{"line":123,"column":12},"end":{"line":125,"column":15}},"57":{"start":{"line":128,"column":8},"end":{"line":128,"column":49}},"58":{"start":{"line":130,"column":34},"end":{"line":130,"column":62}},"59":{"start":{"line":132,"column":8},"end":{"line":140,"column":11}},"60":{"start":{"line":142,"column":8},"end":{"line":142,"column":54}},"61":{"start":{"line":143,"column":8},"end":{"line":148,"column":10}},"62":{"start":{"line":106,"column":13},"end":{"line":106,"column":28}},"63":{"start":{"line":152,"column":28},"end":{"line":179,"column":2}},"64":{"start":{"line":152,"column":86},"end":{"line":179,"column":2}},"65":{"start":{"line":153,"column":20},"end":{"line":153,"column":33}},"66":{"start":{"line":154,"column":4},"end":{"line":159,"column":null}},"67":{"start":{"line":155,"column":8},"end":{"line":158,"column":11}},"68":{"start":{"line":160,"column":4},"end":{"line":178,"column":null}},"69":{"start":{"line":161,"column":25},"end":{"line":161,"column":42}},"70":{"start":{"line":162,"column":37},"end":{"line":162,"column":71}},"71":{"start":{"line":163,"column":8},"end":{"line":165,"column":null}},"72":{"start":{"line":164,"column":12},"end":{"line":164,"column":83}},"73":{"start":{"line":166,"column":28},"end":{"line":166,"column":47}},"74":{"start":{"line":167,"column":8},"end":{"line":169,"column":null}},"75":{"start":{"line":168,"column":12},"end":{"line":168,"column":125}},"76":{"start":{"line":170,"column":8},"end":{"line":174,"column":11}},"77":{"start":{"line":176,"column":8},"end":{"line":176,"column":55}},"78":{"start":{"line":177,"column":8},"end":{"line":177,"column":27}},"79":{"start":{"line":152,"column":13},"end":{"line":152,"column":28}},"80":{"start":{"line":181,"column":27},"end":{"line":214,"column":2}},"81":{"start":{"line":181,"column":85},"end":{"line":214,"column":2}},"82":{"start":{"line":182,"column":20},"end":{"line":182,"column":33}},"83":{"start":{"line":183,"column":4},"end":{"line":188,"column":null}},"84":{"start":{"line":184,"column":8},"end":{"line":187,"column":11}},"85":{"start":{"line":189,"column":4},"end":{"line":213,"column":null}},"86":{"start":{"line":190,"column":25},"end":{"line":190,"column":42}},"87":{"start":{"line":191,"column":41},"end":{"line":191,"column":75}},"88":{"start":{"line":192,"column":8},"end":{"line":197,"column":null}},"89":{"start":{"line":193,"column":12},"end":{"line":196,"column":15}},"90":{"start":{"line":199,"column":32},"end":{"line":199,"column":59}},"91":{"start":{"line":201,"column":8},"end":{"line":201,"column":39}},"92":{"start":{"line":203,"column":21},"end":{"line":203,"column":95}},"93":{"start":{"line":205,"column":8},"end":{"line":209,"column":11}},"94":{"start":{"line":211,"column":8},"end":{"line":211,"column":52}},"95":{"start":{"line":212,"column":8},"end":{"line":212,"column":27}},"96":{"start":{"line":181,"column":13},"end":{"line":181,"column":27}}},"fnMap":{"0":{"name":"(anonymous_8)","decl":{"start":{"line":12,"column":27},"end":{"line":12,"column":34}},"loc":{"start":{"line":12,"column":85},"end":{"line":46,"column":2}}},"1":{"name":"(anonymous_9)","decl":{"start":{"line":12,"column":85},"end":{"line":12,"column":null}},"loc":{"start":{"line":12,"column":85},"end":{"line":46,"column":1}}},"2":{"name":"(anonymous_10)","decl":{"start":{"line":48,"column":27},"end":{"line":48,"column":34}},"loc":{"start":{"line":48,"column":85},"end":{"line":104,"column":2}}},"3":{"name":"(anonymous_11)","decl":{"start":{"line":48,"column":85},"end":{"line":48,"column":null}},"loc":{"start":{"line":48,"column":85},"end":{"line":104,"column":1}}},"4":{"name":"(anonymous_12)","decl":{"start":{"line":106,"column":28},"end":{"line":106,"column":35}},"loc":{"start":{"line":106,"column":86},"end":{"line":150,"column":2}}},"5":{"name":"(anonymous_13)","decl":{"start":{"line":106,"column":86},"end":{"line":106,"column":null}},"loc":{"start":{"line":106,"column":86},"end":{"line":150,"column":1}}},"6":{"name":"(anonymous_14)","decl":{"start":{"line":152,"column":28},"end":{"line":152,"column":35}},"loc":{"start":{"line":152,"column":86},"end":{"line":179,"column":2}}},"7":{"name":"(anonymous_15)","decl":{"start":{"line":152,"column":86},"end":{"line":152,"column":null}},"loc":{"start":{"line":152,"column":86},"end":{"line":179,"column":1}}},"8":{"name":"(anonymous_16)","decl":{"start":{"line":181,"column":27},"end":{"line":181,"column":34}},"loc":{"start":{"line":181,"column":85},"end":{"line":214,"column":2}}},"9":{"name":"(anonymous_17)","decl":{"start":{"line":181,"column":85},"end":{"line":181,"column":null}},"loc":{"start":{"line":181,"column":85},"end":{"line":214,"column":1}}}},"branchMap":{"0":{"loc":{"start":{"line":14,"column":4},"end":{"line":19,"column":null}},"type":"if","locations":[{"start":{"line":14,"column":4},"end":{"line":19,"column":null}}]},"1":{"loc":{"start":{"line":23,"column":8},"end":{"line":28,"column":null}},"type":"if","locations":[{"start":{"line":23,"column":8},"end":{"line":28,"column":null}}]},"2":{"loc":{"start":{"line":50,"column":4},"end":{"line":55,"column":null}},"type":"if","locations":[{"start":{"line":50,"column":4},"end":{"line":55,"column":null}}]},"3":{"loc":{"start":{"line":59,"column":8},"end":{"line":64,"column":null}},"type":"if","locations":[{"start":{"line":59,"column":8},"end":{"line":64,"column":null}}]},"4":{"loc":{"start":{"line":67,"column":8},"end":{"line":72,"column":null}},"type":"if","locations":[{"start":{"line":67,"column":8},"end":{"line":72,"column":null}}]},"5":{"loc":{"start":{"line":77,"column":8},"end":{"line":82,"column":null}},"type":"if","locations":[{"start":{"line":77,"column":8},"end":{"line":82,"column":null}}]},"6":{"loc":{"start":{"line":77,"column":12},"end":{"line":77,"column":69}},"type":"binary-expr","locations":[{"start":{"line":77,"column":12},"end":{"line":77,"column":25}},{"start":{"line":77,"column":29},"end":{"line":77,"column":69}}]},"7":{"loc":{"start":{"line":112,"column":8},"end":{"line":114,"column":null}},"type":"if","locations":[{"start":{"line":112,"column":8},"end":{"line":114,"column":null}}]},"8":{"loc":{"start":{"line":116,"column":30},"end":{"line":116,"column":92}},"type":"cond-expr","locations":[{"start":{"line":116,"column":48},"end":{"line":116,"column":87}},{"start":{"line":116,"column":90},"end":{"line":116,"column":92}}]},"9":{"loc":{"start":{"line":117,"column":31},"end":{"line":117,"column":94}},"type":"cond-expr","locations":[{"start":{"line":117,"column":50},"end":{"line":117,"column":90}},{"start":{"line":117,"column":93},"end":{"line":117,"column":94}}]},"10":{"loc":{"start":{"line":122,"column":8},"end":{"line":126,"column":null}},"type":"if","locations":[{"start":{"line":122,"column":8},"end":{"line":126,"column":null}}]},"11":{"loc":{"start":{"line":154,"column":4},"end":{"line":159,"column":null}},"type":"if","locations":[{"start":{"line":154,"column":4},"end":{"line":159,"column":null}}]},"12":{"loc":{"start":{"line":163,"column":8},"end":{"line":165,"column":null}},"type":"if","locations":[{"start":{"line":163,"column":8},"end":{"line":165,"column":null}}]},"13":{"loc":{"start":{"line":167,"column":8},"end":{"line":169,"column":null}},"type":"if","locations":[{"start":{"line":167,"column":8},"end":{"line":169,"column":null}}]},"14":{"loc":{"start":{"line":183,"column":4},"end":{"line":188,"column":null}},"type":"if","locations":[{"start":{"line":183,"column":4},"end":{"line":188,"column":null}}]},"15":{"loc":{"start":{"line":192,"column":8},"end":{"line":197,"column":null}},"type":"if","locations":[{"start":{"line":192,"column":8},"end":{"line":197,"column":null}}]}},"s":{"0":2,"1":2,"2":2,"3":2,"4":0,"5":0,"6":0,"7":0,"8":0,"9":0,"10":0,"11":0,"12":0,"13":0,"14":0,"15":0,"16":0,"17":0,"18":0,"19":0,"20":2,"21":2,"22":0,"23":0,"24":0,"25":0,"26":0,"27":0,"28":0,"29":0,"30":0,"31":0,"32":0,"33":0,"34":0,"35":0,"36":0,"37":0,"38":0,"39":0,"40":0,"41":0,"42":2,"43":2,"44":0,"45":0,"46":0,"47":0,"48":0,"49":0,"50":0,"51":0,"52":0,"53":0,"54":0,"55":0,"56":0,"57":0,"58":0,"59":0,"60":0,"61":0,"62":2,"63":2,"64":0,"65":0,"66":0,"67":0,"68":0,"69":0,"70":0,"71":0,"72":0,"73":0,"74":0,"75":0,"76":0,"77":0,"78":0,"79":2,"80":2,"81":0,"82":0,"83":0,"84":0,"85":0,"86":0,"87":0,"88":0,"89":0,"90":0,"91":0,"92":0,"93":0,"94":0,"95":0,"96":2},"f":{"0":0,"1":0,"2":0,"3":0,"4":0,"5":0,"6":0,"7":0,"8":0,"9":0},"b":{"0":[0],"1":[0],"2":[0],"3":[0],"4":[0],"5":[0],"6":[0,0],"7":[0],"8":[0,0],"9":[0,0],"10":[0],"11":[0],"12":[0],"13":[0],"14":[0],"15":[0]}}
,"C:\\Users\\USER\\Locale-API\\src\\api\\state\\state.routes.ts": {"path":"C:\\Users\\USER\\Locale-API\\src\\api\\state\\state.routes.ts","statementMap":{"0":{"start":{"line":1,"column":0},"end":{"line":1,"column":33}},"1":{"start":{"line":2,"column":0},"end":{"line":2,"column":112}},"2":{"start":{"line":3,"column":0},"end":{"line":3,"column":61}},"3":{"start":{"line":4,"column":0},"end":{"line":4,"column":70}},"4":{"start":{"line":8,"column":20},"end":{"line":8,"column":28}},"5":{"start":{"line":10,"column":0},"end":{"line":10,"column":70}},"6":{"start":{"line":12,"column":0},"end":{"line":12,"column":65}},"7":{"start":{"line":14,"column":0},"end":{"line":14,"column":68}},"8":{"start":{"line":16,"column":0},"end":{"line":16,"column":78}},"9":{"start":{"line":18,"column":0},"end":{"line":18,"column":71}},"10":{"start":{"line":20,"column":0},"end":{"line":20,"column":27}}},"fnMap":{},"branchMap":{},"s":{"0":2,"1":2,"2":2,"3":2,"4":2,"5":2,"6":2,"7":2,"8":2,"9":2,"10":2},"f":{},"b":{}}
,"C:\\Users\\USER\\Locale-API\\src\\models\\local.model.ts": {"path":"C:\\Users\\USER\\Locale-API\\src\\models\\local.model.ts","statementMap":{"0":{"start":{"line":5,"column":0},"end":{"line":5,"column":58}},"1":{"start":{"line":23,"column":32},"end":{"line":67,"column":null}},"2":{"start":{"line":60,"column":24},"end":{"line":60,"column":90}},"3":{"start":{"line":70,"column":13},"end":{"line":70,"column":67}}},"fnMap":{"0":{"name":"(anonymous_0)","decl":{"start":{"line":59,"column":31},"end":{"line":59,"column":41}},"loc":{"start":{"line":59,"column":62},"end":{"line":61,"column":21}}}},"branchMap":{"0":{"loc":{"start":{"line":60,"column":31},"end":{"line":60,"column":89}},"type":"binary-expr","locations":[{"start":{"line":60,"column":31},"end":{"line":60,"column":49}},{"start":{"line":60,"column":53},"end":{"line":60,"column":69}},{"start":{"line":60,"column":73},"end":{"line":60,"column":89}}]}},"s":{"0":2,"1":2,"2":0,"3":2},"f":{"0":0},"b":{"0":[0,0,0]}}
,"C:\\Users\\USER\\Locale-API\\src\\models\\region.model.ts": {"path":"C:\\Users\\USER\\Locale-API\\src\\models\\region.model.ts","statementMap":{"0":{"start":{"line":5,"column":0},"end":{"line":5,"column":58}},"1":{"start":{"line":19,"column":38},"end":{"line":54,"column":null}},"2":{"start":{"line":43,"column":24},"end":{"line":43,"column":90}},"3":{"start":{"line":57,"column":13},"end":{"line":57,"column":82}}},"fnMap":{"0":{"name":"(anonymous_0)","decl":{"start":{"line":42,"column":31},"end":{"line":42,"column":41}},"loc":{"start":{"line":42,"column":62},"end":{"line":44,"column":21}}}},"branchMap":{"0":{"loc":{"start":{"line":43,"column":31},"end":{"line":43,"column":89}},"type":"binary-expr","locations":[{"start":{"line":43,"column":31},"end":{"line":43,"column":49}},{"start":{"line":43,"column":53},"end":{"line":43,"column":69}},{"start":{"line":43,"column":73},"end":{"line":43,"column":89}}]}},"s":{"0":2,"1":2,"2":0,"3":2},"f":{"0":0},"b":{"0":[0,0,0]}}
,"C:\\Users\\USER\\Locale-API\\src\\models\\state.model.ts": {"path":"C:\\Users\\USER\\Locale-API\\src\\models\\state.model.ts","statementMap":{"0":{"start":{"line":3,"column":0},"end":{"line":3,"column":58}},"1":{"start":{"line":31,"column":36},"end":{"line":114,"column":null}},"2":{"start":{"line":74,"column":24},"end":{"line":74,"column":90}},"3":{"start":{"line":117,"column":13},"end":{"line":117,"column":77}}},"fnMap":{"0":{"name":"(anonymous_0)","decl":{"start":{"line":73,"column":20},"end":{"line":73,"column":29}},"loc":{"start":{"line":73,"column":51},"end":{"line":75,"column":21}}}},"branchMap":{"0":{"loc":{"start":{"line":74,"column":31},"end":{"line":74,"column":89}},"type":"binary-expr","locations":[{"start":{"line":74,"column":31},"end":{"line":74,"column":49}},{"start":{"line":74,"column":53},"end":{"line":74,"column":69}},{"start":{"line":74,"column":73},"end":{"line":74,"column":89}}]}},"s":{"0":2,"1":2,"2":0,"3":2},"f":{"0":0},"b":{"0":[0,0,0]}}
,"C:\\Users\\USER\\Locale-API\\src\\models\\user.model.ts": {"path":"C:\\Users\\USER\\Locale-API\\src\\models\\user.model.ts","statementMap":{"0":{"start":{"line":3,"column":0},"end":{"line":3,"column":58}},"1":{"start":{"line":26,"column":45},"end":{"line":35,"column":null}},"2":{"start":{"line":38,"column":34},"end":{"line":76,"column":null}},"3":{"start":{"line":78,"column":13},"end":{"line":78,"column":72}}},"fnMap":{},"branchMap":{},"s":{"0":2,"1":2,"2":2,"3":2},"f":{},"b":{}}
,"C:\\Users\\USER\\Locale-API\\src\\routes\\index.ts": {"path":"C:\\Users\\USER\\Locale-API\\src\\routes\\index.ts","statementMap":{"0":{"start":{"line":1,"column":0},"end":{"line":1,"column":33}},"1":{"start":{"line":2,"column":0},"end":{"line":2,"column":51}},"2":{"start":{"line":3,"column":0},"end":{"line":3,"column":52}},"3":{"start":{"line":4,"column":0},"end":{"line":4,"column":60}},"4":{"start":{"line":5,"column":0},"end":{"line":5,"column":57}},"5":{"start":{"line":6,"column":0},"end":{"line":6,"column":54}},"6":{"start":{"line":8,"column":15},"end":{"line":8,"column":23}},"7":{"start":{"line":10,"column":0},"end":{"line":10,"column":32}},"8":{"start":{"line":12,"column":0},"end":{"line":12,"column":32}},"9":{"start":{"line":14,"column":0},"end":{"line":14,"column":38}},"10":{"start":{"line":16,"column":0},"end":{"line":16,"column":36}},"11":{"start":{"line":18,"column":0},"end":{"line":18,"column":35}},"12":{"start":{"line":20,"column":0},"end":{"line":20,"column":22}}},"fnMap":{},"branchMap":{},"s":{"0":2,"1":2,"2":2,"3":2,"4":2,"5":2,"6":2,"7":2,"8":2,"9":2,"10":2,"11":2,"12":2},"f":{},"b":{}}
,"C:\\Users\\USER\\Locale-API\\src\\service\\apiKey.service.ts": {"path":"C:\\Users\\USER\\Locale-API\\src\\service\\apiKey.service.ts","statementMap":{"0":{"start":{"line":3,"column":0},"end":{"line":3,"column":36}},"1":{"start":{"line":4,"column":0},"end":{"line":4,"column":28}},"2":{"start":{"line":5,"column":0},"end":{"line":5,"column":51}},"3":{"start":{"line":7,"column":30},"end":{"line":40,"column":2}},"4":{"start":{"line":12,"column":5},"end":{"line":40,"column":2}},"5":{"start":{"line":13,"column":16},"end":{"line":13,"column":42}},"6":{"start":{"line":14,"column":4},"end":{"line":14,"column":66}},"7":{"start":{"line":16,"column":22},"end":{"line":16,"column":61}},"8":{"start":{"line":18,"column":17},"end":{"line":18,"column":41}},"9":{"start":{"line":19,"column":25},"end":{"line":19,"column":53}},"10":{"start":{"line":22,"column":27},"end":{"line":22,"column":37}},"11":{"start":{"line":23,"column":4},"end":{"line":23,"column":60}},"12":{"start":{"line":26,"column":4},"end":{"line":26,"column":121}},"13":{"start":{"line":29,"column":22},"end":{"line":29,"column":102}},"14":{"start":{"line":30,"column":4},"end":{"line":32,"column":null}},"15":{"start":{"line":31,"column":8},"end":{"line":31,"column":42}},"16":{"start":{"line":34,"column":23},"end":{"line":37,"column":6}},"17":{"start":{"line":39,"column":4},"end":{"line":39,"column":37}},"18":{"start":{"line":7,"column":13},"end":{"line":7,"column":30}}},"fnMap":{"0":{"name":"(anonymous_8)","decl":{"start":{"line":7,"column":30},"end":{"line":7,"column":null}},"loc":{"start":{"line":12,"column":5},"end":{"line":40,"column":2}}},"1":{"name":"(anonymous_9)","decl":{"start":{"line":12,"column":5},"end":{"line":12,"column":null}},"loc":{"start":{"line":12,"column":5},"end":{"line":40,"column":1}}}},"branchMap":{"0":{"loc":{"start":{"line":30,"column":4},"end":{"line":32,"column":null}},"type":"if","locations":[{"start":{"line":30,"column":4},"end":{"line":32,"column":null}}]}},"s":{"0":2,"1":2,"2":2,"3":2,"4":3,"5":3,"6":3,"7":3,"8":3,"9":3,"10":3,"11":3,"12":3,"13":3,"14":3,"15":0,"16":3,"17":3,"18":2},"f":{"0":3,"1":3},"b":{"0":[0]}}
,"C:\\Users\\USER\\Locale-API\\src\\shared\\middleware\\auth.middleware.ts": {"path":"C:\\Users\\USER\\Locale-API\\src\\shared\\middleware\\auth.middleware.ts","statementMap":{"0":{"start":{"line":7,"column":0},"end":{"line":7,"column":58}},"1":{"start":{"line":13,"column":32},"end":{"line":32,"column":2}},"2":{"start":{"line":13,"column":103},"end":{"line":32,"column":2}},"3":{"start":{"line":14,"column":19},"end":{"line":14,"column":53}},"4":{"start":{"line":16,"column":4},"end":{"line":18,"column":null}},"5":{"start":{"line":17,"column":8},"end":{"line":17,"column":73}},"6":{"start":{"line":20,"column":4},"end":{"line":31,"column":null}},"7":{"start":{"line":21,"column":36},"end":{"line":21,"column":86}},"8":{"start":{"line":23,"column":8},"end":{"line":25,"column":null}},"9":{"start":{"line":24,"column":12},"end":{"line":24,"column":73}},"10":{"start":{"line":27,"column":8},"end":{"line":27,"column":24}},"11":{"start":{"line":28,"column":8},"end":{"line":28,"column":15}},"12":{"start":{"line":30,"column":8},"end":{"line":30,"column":66}},"13":{"start":{"line":13,"column":13},"end":{"line":13,"column":32}}},"fnMap":{"0":{"name":"(anonymous_7)","decl":{"start":{"line":13,"column":32},"end":{"line":13,"column":39}},"loc":{"start":{"line":13,"column":103},"end":{"line":32,"column":2}}},"1":{"name":"(anonymous_8)","decl":{"start":{"line":13,"column":103},"end":{"line":13,"column":null}},"loc":{"start":{"line":13,"column":103},"end":{"line":32,"column":1}}}},"branchMap":{"0":{"loc":{"start":{"line":16,"column":4},"end":{"line":18,"column":null}},"type":"if","locations":[{"start":{"line":16,"column":4},"end":{"line":18,"column":null}}]},"1":{"loc":{"start":{"line":23,"column":8},"end":{"line":25,"column":null}},"type":"if","locations":[{"start":{"line":23,"column":8},"end":{"line":25,"column":null}}]}},"s":{"0":2,"1":2,"2":0,"3":0,"4":0,"5":0,"6":0,"7":0,"8":0,"9":0,"10":0,"11":0,"12":0,"13":2},"f":{"0":0,"1":0},"b":{"0":[0],"1":[0]}}
,"C:\\Users\\USER\\Locale-API\\src\\shared\\middleware\\cache.middleware.ts": {"path":"C:\\Users\\USER\\Locale-API\\src\\shared\\middleware\\cache.middleware.ts","statementMap":{"0":{"start":{"line":7,"column":0},"end":{"line":7,"column":57}},"1":{"start":{"line":9,"column":19},"end":{"line":29,"column":1}},"2":{"start":{"line":10,"column":19},"end":{"line":10,"column":29}},"3":{"start":{"line":13,"column":21},"end":{"line":13,"column":34}},"4":{"start":{"line":16,"column":4},"end":{"line":28,"column":7}},"5":{"start":{"line":17,"column":8},"end":{"line":20,"column":null}},"6":{"start":{"line":18,"column":12},"end":{"line":18,"column":55}},"7":{"start":{"line":19,"column":12},"end":{"line":19,"column":19}},"8":{"start":{"line":21,"column":8},"end":{"line":27,"column":null}},"9":{"start":{"line":23,"column":12},"end":{"line":23,"column":84}},"10":{"start":{"line":26,"column":12},"end":{"line":26,"column":19}},"11":{"start":{"line":31,"column":0},"end":{"line":31,"column":26}}},"fnMap":{"0":{"name":"(anonymous_0)","decl":{"start":{"line":9,"column":19},"end":{"line":9,"column":20}},"loc":{"start":{"line":9,"column":71},"end":{"line":29,"column":1}}},"1":{"name":"(anonymous_1)","decl":{"start":{"line":16,"column":30},"end":{"line":16,"column":31}},"loc":{"start":{"line":16,"column":78},"end":{"line":28,"column":5}}}},"branchMap":{"0":{"loc":{"start":{"line":17,"column":8},"end":{"line":20,"column":null}},"type":"if","locations":[{"start":{"line":17,"column":8},"end":{"line":20,"column":null}}]},"1":{"loc":{"start":{"line":21,"column":8},"end":{"line":27,"column":null}},"type":"if","locations":[{"start":{"line":21,"column":8},"end":{"line":27,"column":null}},{"start":{"line":24,"column":15},"end":{"line":27,"column":null}}]}},"s":{"0":2,"1":2,"2":0,"3":0,"4":0,"5":0,"6":0,"7":0,"8":0,"9":0,"10":0,"11":2},"f":{"0":0,"1":0},"b":{"0":[0],"1":[0,0]}}
,"C:\\Users\\USER\\Locale-API\\src\\shared\\middleware\\error.logger.ts": {"path":"C:\\Users\\USER\\Locale-API\\src\\shared\\middleware\\error.logger.ts","statementMap":{"0":{"start":{"line":6,"column":0},"end":{"line":6,"column":34}},"1":{"start":{"line":7,"column":0},"end":{"line":7,"column":34}},"2":{"start":{"line":8,"column":0},"end":{"line":8,"column":20}},"3":{"start":{"line":9,"column":0},"end":{"line":9,"column":44}},"4":{"start":{"line":10,"column":0},"end":{"line":10,"column":24}},"5":{"start":{"line":13,"column":18},"end":{"line":26,"column":2}},"6":{"start":{"line":13,"column":80},"end":{"line":26,"column":2}},"7":{"start":{"line":14,"column":21},"end":{"line":14,"column":61}},"8":{"start":{"line":15,"column":20},"end":{"line":15,"column":58}},"9":{"start":{"line":17,"column":4},"end":{"line":25,"column":null}},"10":{"start":{"line":18,"column":24},"end":{"line":18,"column":58}},"11":{"start":{"line":19,"column":8},"end":{"line":21,"column":null}},"12":{"start":{"line":20,"column":12},"end":{"line":20,"column":44}},"13":{"start":{"line":22,"column":8},"end":{"line":22,"column":78}},"14":{"start":{"line":24,"column":8},"end":{"line":24,"column":27}},"15":{"start":{"line":34,"column":9},"end":{"line":34,"column":18}},"16":{"start":{"line":28,"column":15},"end":{"line":32,"column":1}},"17":{"start":{"line":29,"column":4},"end":{"line":29,"column":80}},"18":{"start":{"line":30,"column":4},"end":{"line":30,"column":45}},"19":{"start":{"line":31,"column":4},"end":{"line":31,"column":11}},"20":{"start":{"line":34,"column":20},"end":{"line":34,"column":26}}},"fnMap":{"0":{"name":"(anonymous_8)","decl":{"start":{"line":13,"column":18},"end":{"line":13,"column":25}},"loc":{"start":{"line":13,"column":80},"end":{"line":26,"column":2}}},"1":{"name":"(anonymous_9)","decl":{"start":{"line":13,"column":80},"end":{"line":13,"column":null}},"loc":{"start":{"line":13,"column":80},"end":{"line":26,"column":1}}},"2":{"name":"(anonymous_10)","decl":{"start":{"line":28,"column":15},"end":{"line":28,"column":16}},"loc":{"start":{"line":28,"column":74},"end":{"line":32,"column":1}}}},"branchMap":{"0":{"loc":{"start":{"line":19,"column":8},"end":{"line":21,"column":null}},"type":"if","locations":[{"start":{"line":19,"column":8},"end":{"line":21,"column":null}}]}},"s":{"0":2,"1":2,"2":2,"3":2,"4":2,"5":2,"6":0,"7":0,"8":0,"9":0,"10":0,"11":0,"12":0,"13":0,"14":0,"15":2,"16":2,"17":0,"18":0,"19":0,"20":2},"f":{"0":0,"1":0,"2":0},"b":{"0":[0]}}
,"C:\\Users\\USER\\Locale-API\\src\\shared\\middleware\\errors.middleware.ts": {"path":"C:\\Users\\USER\\Locale-API\\src\\shared\\middleware\\errors.middleware.ts","statementMap":{"0":{"start":{"line":3,"column":0},"end":{"line":3,"column":42}},"1":{"start":{"line":4,"column":0},"end":{"line":4,"column":44}},"2":{"start":{"line":6,"column":24},"end":{"line":9,"column":1}},"3":{"start":{"line":7,"column":4},"end":{"line":7,"column":112}},"4":{"start":{"line":8,"column":4},"end":{"line":8,"column":53}},"5":{"start":{"line":6,"column":13},"end":{"line":6,"column":24}},"6":{"start":{"line":11,"column":28},"end":{"line":25,"column":1}},"7":{"start":{"line":18,"column":4},"end":{"line":18,"column":22}},"8":{"start":{"line":20,"column":4},"end":{"line":24,"column":null}},"9":{"start":{"line":21,"column":8},"end":{"line":21,"column":90}},"10":{"start":{"line":23,"column":8},"end":{"line":23,"column":80}},"11":{"start":{"line":11,"column":13},"end":{"line":11,"column":28}}},"fnMap":{"0":{"name":"(anonymous_1)","decl":{"start":{"line":6,"column":24},"end":{"line":6,"column":25}},"loc":{"start":{"line":6,"column":56},"end":{"line":9,"column":1}}},"1":{"name":"(anonymous_2)","decl":{"start":{"line":11,"column":28},"end":{"line":11,"column":null}},"loc":{"start":{"line":17,"column":4},"end":{"line":25,"column":1}}}},"branchMap":{"0":{"loc":{"start":{"line":20,"column":4},"end":{"line":24,"column":null}},"type":"if","locations":[{"start":{"line":20,"column":4},"end":{"line":24,"column":null}},{"start":{"line":22,"column":11},"end":{"line":24,"column":null}}]}},"s":{"0":2,"1":2,"2":2,"3":0,"4":0,"5":2,"6":2,"7":2,"8":2,"9":1,"10":1,"11":2},"f":{"0":0,"1":2},"b":{"0":[1,1]}}
,"C:\\Users\\USER\\Locale-API\\src\\shared\\middleware\\loginLimiter.ts": {"path":"C:\\Users\\USER\\Locale-API\\src\\shared\\middleware\\loginLimiter.ts","statementMap":{"0":{"start":{"line":4,"column":0},"end":{"line":4,"column":43}},"1":{"start":{"line":6,"column":0},"end":{"line":6,"column":60}},"2":{"start":{"line":8,"column":28},"end":{"line":21,"column":2}},"3":{"start":{"line":15,"column":8},"end":{"line":15,"column":131}},"4":{"start":{"line":16,"column":8},"end":{"line":16,"column":62}},"5":{"start":{"line":17,"column":8},"end":{"line":17,"column":15}},"6":{"start":{"line":23,"column":21},"end":{"line":23,"column":51}},"7":{"start":{"line":25,"column":0},"end":{"line":25,"column":28}}},"fnMap":{"0":{"name":"(anonymous_1)","decl":{"start":{"line":14,"column":13},"end":{"line":14,"column":14}},"loc":{"start":{"line":14,"column":79},"end":{"line":18,"column":5}}}},"branchMap":{},"s":{"0":2,"1":2,"2":2,"3":0,"4":0,"5":0,"6":2,"7":2},"f":{"0":0},"b":{}}
,"C:\\Users\\USER\\Locale-API\\src\\shared\\middleware\\validator.middleware.ts": {"path":"C:\\Users\\USER\\Locale-API\\src\\shared\\middleware\\validator.middleware.ts","statementMap":{"0":{"start":{"line":4,"column":0},"end":{"line":4,"column":24}},"1":{"start":{"line":5,"column":0},"end":{"line":5,"column":44}},"2":{"start":{"line":7,"column":24},"end":{"line":29,"column":1}},"3":{"start":{"line":8,"column":4},"end":{"line":28,"column":6}},"4":{"start":{"line":9,"column":8},"end":{"line":27,"column":null}},"5":{"start":{"line":10,"column":12},"end":{"line":19,"column":null}},"6":{"start":{"line":12,"column":20},"end":{"line":12,"column":45}},"7":{"start":{"line":13,"column":20},"end":{"line":13,"column":26}},"8":{"start":{"line":15,"column":20},"end":{"line":15,"column":44}},"9":{"start":{"line":16,"column":20},"end":{"line":16,"column":26}},"10":{"start":{"line":18,"column":20},"end":{"line":18,"column":43}},"11":{"start":{"line":20,"column":12},"end":{"line":20,"column":19}},"12":{"start":{"line":22,"column":12},"end":{"line":26,"column":null}},"13":{"start":{"line":23,"column":16},"end":{"line":23,"column":76}},"14":{"start":{"line":25,"column":16},"end":{"line":25,"column":28}},"15":{"start":{"line":7,"column":13},"end":{"line":7,"column":24}}},"fnMap":{"0":{"name":"(anonymous_1)","decl":{"start":{"line":7,"column":24},"end":{"line":7,"column":25}},"loc":{"start":{"line":7,"column":79},"end":{"line":29,"column":1}}},"1":{"name":"(anonymous_2)","decl":{"start":{"line":8,"column":11},"end":{"line":8,"column":12}},"loc":{"start":{"line":8,"column":64},"end":{"line":28,"column":5}}}},"branchMap":{"0":{"loc":{"start":{"line":10,"column":12},"end":{"line":19,"column":null}},"type":"switch","locations":[{"start":{"line":11,"column":16},"end":{"line":13,"column":26}},{"start":{"line":14,"column":16},"end":{"line":16,"column":26}},{"start":{"line":17,"column":16},"end":{"line":18,"column":43}}]},"1":{"loc":{"start":{"line":22,"column":12},"end":{"line":26,"column":null}},"type":"if","locations":[{"start":{"line":22,"column":12},"end":{"line":26,"column":null}},{"start":{"line":24,"column":19},"end":{"line":26,"column":null}}]}},"s":{"0":2,"1":2,"2":2,"3":6,"4":3,"5":3,"6":0,"7":0,"8":0,"9":0,"10":3,"11":2,"12":1,"13":1,"14":0,"15":2},"f":{"0":6,"1":3},"b":{"0":[0,0,3],"1":[1,0]}}
,"C:\\Users\\USER\\Locale-API\\src\\shared\\schema\\local.schema.ts": {"path":"C:\\Users\\USER\\Locale-API\\src\\shared\\schema\\local.schema.ts","statementMap":{"0":{"start":{"line":4,"column":0},"end":{"line":4,"column":24}},"1":{"start":{"line":6,"column":13},"end":{"line":54,"column":3}},"2":{"start":{"line":50,"column":75},"end":{"line":50,"column":112}}},"fnMap":{"0":{"name":"(anonymous_0)","decl":{"start":{"line":50,"column":48},"end":{"line":50,"column":49}},"loc":{"start":{"line":50,"column":75},"end":{"line":50,"column":112}}}},"branchMap":{"0":{"loc":{"start":{"line":50,"column":75},"end":{"line":50,"column":112}},"type":"binary-expr","locations":[{"start":{"line":50,"column":75},"end":{"line":50,"column":92}},{"start":{"line":50,"column":96},"end":{"line":50,"column":112}}]}},"s":{"0":2,"1":2,"2":0},"f":{"0":0},"b":{"0":[0,0]}}
,"C:\\Users\\USER\\Locale-API\\src\\shared\\schema\\region.schema.ts": {"path":"C:\\Users\\USER\\Locale-API\\src\\shared\\schema\\region.schema.ts","statementMap":{"0":{"start":{"line":4,"column":0},"end":{"line":4,"column":24}},"1":{"start":{"line":5,"column":0},"end":{"line":5,"column":50}},"2":{"start":{"line":7,"column":13},"end":{"line":26,"column":3}},"3":{"start":{"line":16,"column":47},"end":{"line":16,"column":67}},"4":{"start":{"line":21,"column":89},"end":{"line":21,"column":126}}},"fnMap":{"0":{"name":"(anonymous_0)","decl":{"start":{"line":16,"column":38},"end":{"line":16,"column":39}},"loc":{"start":{"line":16,"column":47},"end":{"line":16,"column":67}}},"1":{"name":"(anonymous_1)","decl":{"start":{"line":21,"column":62},"end":{"line":21,"column":63}},"loc":{"start":{"line":21,"column":89},"end":{"line":21,"column":126}}}},"branchMap":{"0":{"loc":{"start":{"line":21,"column":89},"end":{"line":21,"column":126}},"type":"binary-expr","locations":[{"start":{"line":21,"column":89},"end":{"line":21,"column":106}},{"start":{"line":21,"column":110},"end":{"line":21,"column":126}}]}},"s":{"0":2,"1":2,"2":2,"3":0,"4":0},"f":{"0":0,"1":0},"b":{"0":[0,0]}}
,"C:\\Users\\USER\\Locale-API\\src\\shared\\schema\\user.schema.ts": {"path":"C:\\Users\\USER\\Locale-API\\src\\shared\\schema\\user.schema.ts","statementMap":{"0":{"start":{"line":3,"column":0},"end":{"line":3,"column":24}},"1":{"start":{"line":5,"column":13},"end":{"line":8,"column":3}},"2":{"start":{"line":10,"column":13},"end":{"line":61,"column":3}}},"fnMap":{},"branchMap":{},"s":{"0":2,"1":2,"2":2},"f":{},"b":{}}
,"C:\\Users\\USER\\Locale-API\\src\\shared\\utils\\errors.ts": {"path":"C:\\Users\\USER\\Locale-API\\src\\shared\\utils\\errors.ts","statementMap":{"0":{"start":{"line":8,"column":8},"end":{"line":8,"column":23}},"1":{"start":{"line":9,"column":8},"end":{"line":9,"column":29}},"2":{"start":{"line":10,"column":8},"end":{"line":10,"column":25}},"3":{"start":{"line":14,"column":8},"end":{"line":14,"column":37}},"4":{"start":{"line":18,"column":8},"end":{"line":18,"column":37}},"5":{"start":{"line":22,"column":8},"end":{"line":22,"column":37}},"6":{"start":{"line":26,"column":8},"end":{"line":26,"column":43}},"7":{"start":{"line":30,"column":0},"end":{"line":30,"column":24}}},"fnMap":{"0":{"name":"(anonymous_0)","decl":{"start":{"line":7,"column":4},"end":{"line":7,"column":16}},"loc":{"start":{"line":7,"column":73},"end":{"line":11,"column":5}}},"1":{"name":"(anonymous_1)","decl":{"start":{"line":13,"column":4},"end":{"line":13,"column":10}},"loc":{"start":{"line":13,"column":61},"end":{"line":15,"column":5}}},"2":{"name":"(anonymous_2)","decl":{"start":{"line":17,"column":4},"end":{"line":17,"column":10}},"loc":{"start":{"line":17,"column":110},"end":{"line":19,"column":5}}},"3":{"name":"(anonymous_3)","decl":{"start":{"line":21,"column":4},"end":{"line":21,"column":10}},"loc":{"start":{"line":21,"column":79},"end":{"line":23,"column":5}}},"4":{"name":"(anonymous_4)","decl":{"start":{"line":25,"column":4},"end":{"line":25,"column":10}},"loc":{"start":{"line":25,"column":78},"end":{"line":27,"column":5}}}},"branchMap":{"0":{"loc":{"start":{"line":7,"column":16},"end":{"line":7,"column":41}},"type":"default-arg","locations":[{"start":{"line":7,"column":26},"end":{"line":7,"column":41}}]},"1":{"loc":{"start":{"line":7,"column":43},"end":{"line":7,"column":55}},"type":"default-arg","locations":[{"start":{"line":7,"column":52},"end":{"line":7,"column":55}}]},"2":{"loc":{"start":{"line":7,"column":57},"end":{"line":7,"column":73}},"type":"default-arg","locations":[{"start":{"line":7,"column":64},"end":{"line":7,"column":73}}]},"3":{"loc":{"start":{"line":13,"column":20},"end":{"line":13,"column":47}},"type":"default-arg","locations":[{"start":{"line":13,"column":26},"end":{"line":13,"column":47}}]},"4":{"loc":{"start":{"line":13,"column":49},"end":{"line":13,"column":61}},"type":"default-arg","locations":[{"start":{"line":13,"column":58},"end":{"line":13,"column":61}}]},"5":{"loc":{"start":{"line":17,"column":24},"end":{"line":17,"column":96}},"type":"default-arg","locations":[{"start":{"line":17,"column":30},"end":{"line":17,"column":96}}]},"6":{"loc":{"start":{"line":17,"column":98},"end":{"line":17,"column":110}},"type":"default-arg","locations":[{"start":{"line":17,"column":107},"end":{"line":17,"column":110}}]},"7":{"loc":{"start":{"line":21,"column":27},"end":{"line":21,"column":65}},"type":"default-arg","locations":[{"start":{"line":21,"column":33},"end":{"line":21,"column":65}}]},"8":{"loc":{"start":{"line":21,"column":67},"end":{"line":21,"column":79}},"type":"default-arg","locations":[{"start":{"line":21,"column":76},"end":{"line":21,"column":79}}]},"9":{"loc":{"start":{"line":25,"column":22},"end":{"line":25,"column":41}},"type":"default-arg","locations":[{"start":{"line":25,"column":28},"end":{"line":25,"column":41}}]},"10":{"loc":{"start":{"line":25,"column":43},"end":{"line":25,"column":55}},"type":"default-arg","locations":[{"start":{"line":25,"column":52},"end":{"line":25,"column":55}}]},"11":{"loc":{"start":{"line":25,"column":57},"end":{"line":25,"column":78}},"type":"default-arg","locations":[{"start":{"line":25,"column":69},"end":{"line":25,"column":78}}]}},"s":{"0":5,"1":5,"2":5,"3":1,"4":1,"5":1,"6":2,"7":3},"f":{"0":5,"1":1,"2":1,"3":1,"4":2},"b":{"0":[0],"1":[0],"2":[3],"3":[0],"4":[1],"5":[0],"6":[1],"7":[0],"8":[1],"9":[0],"10":[0],"11":[0]}}
,"C:\\Users\\USER\\Locale-API\\src\\shared\\utils\\logger.ts": {"path":"C:\\Users\\USER\\Locale-API\\src\\shared\\utils\\logger.ts","statementMap":{"0":{"start":{"line":7,"column":0},"end":{"line":7,"column":43}},"1":{"start":{"line":8,"column":0},"end":{"line":8,"column":52}},"2":{"start":{"line":9,"column":0},"end":{"line":9,"column":37}},"3":{"start":{"line":11,"column":46},"end":{"line":27,"column":2}},"4":{"start":{"line":21,"column":12},"end":{"line":21,"column":66}},"5":{"start":{"line":24,"column":12},"end":{"line":24,"column":50}},"6":{"start":{"line":29,"column":24},"end":{"line":29,"column":52}},"7":{"start":{"line":31,"column":20},"end":{"line":33,"column":2}},"8":{"start":{"line":35,"column":15},"end":{"line":35,"column":33}},"9":{"start":{"line":37,"column":0},"end":{"line":37,"column":22}}},"fnMap":{"0":{"name":"(anonymous_1)","decl":{"start":{"line":20,"column":18},"end":{"line":20,"column":19}},"loc":{"start":{"line":20,"column":31},"end":{"line":22,"column":9}}},"1":{"name":"(anonymous_2)","decl":{"start":{"line":23,"column":15},"end":{"line":23,"column":16}},"loc":{"start":{"line":23,"column":25},"end":{"line":25,"column":9}}}},"branchMap":{"0":{"loc":{"start":{"line":12,"column":11},"end":{"line":12,"column":44}},"type":"binary-expr","locations":[{"start":{"line":12,"column":11},"end":{"line":12,"column":34}},{"start":{"line":12,"column":38},"end":{"line":12,"column":44}}]}},"s":{"0":2,"1":2,"2":2,"3":2,"4":2,"5":12,"6":2,"7":2,"8":2,"9":2},"f":{"0":2,"1":12},"b":{"0":[2,0]}}
,"C:\\Users\\USER\\Locale-API\\src\\shared\\utils\\redis.client.ts": {"path":"C:\\Users\\USER\\Locale-API\\src\\shared\\utils\\redis.client.ts","statementMap":{"0":{"start":{"line":7,"column":0},"end":{"line":7,"column":32}},"1":{"start":{"line":8,"column":0},"end":{"line":8,"column":33}},"2":{"start":{"line":9,"column":0},"end":{"line":9,"column":37}},"3":{"start":{"line":10,"column":0},"end":{"line":10,"column":42}},"4":{"start":{"line":12,"column":27},"end":{"line":15,"column":2}},"5":{"start":{"line":59,"column":9},"end":{"line":59,"column":20}},"6":{"start":{"line":17,"column":0},"end":{"line":17,"column":48}},"7":{"start":{"line":19,"column":0},"end":{"line":21,"column":3}},"8":{"start":{"line":20,"column":4},"end":{"line":20,"column":30}},"9":{"start":{"line":23,"column":0},"end":{"line":25,"column":3}},"10":{"start":{"line":24,"column":4},"end":{"line":24,"column":40}},"11":{"start":{"line":27,"column":17},"end":{"line":27,"column":61}},"12":{"start":{"line":28,"column":20},"end":{"line":28,"column":67}},"13":{"start":{"line":29,"column":17},"end":{"line":29,"column":61}},"14":{"start":{"line":30,"column":17},"end":{"line":30,"column":61}},"15":{"start":{"line":33,"column":4},"end":{"line":33,"column":47}},"16":{"start":{"line":34,"column":4},"end":{"line":34,"column":39}},"17":{"start":{"line":59,"column":22},"end":{"line":59,"column":33}},"18":{"start":{"line":38,"column":23},"end":{"line":38,"column":42}},"19":{"start":{"line":40,"column":4},"end":{"line":42,"column":null}},"20":{"start":{"line":41,"column":8},"end":{"line":41,"column":38}},"21":{"start":{"line":44,"column":4},"end":{"line":44,"column":16}},"22":{"start":{"line":59,"column":35},"end":{"line":59,"column":38}},"23":{"start":{"line":48,"column":26},"end":{"line":48,"column":45}},"24":{"start":{"line":50,"column":4},"end":{"line":50,"column":47}},"25":{"start":{"line":52,"column":4},"end":{"line":54,"column":null}},"26":{"start":{"line":53,"column":8},"end":{"line":53,"column":41}},"27":{"start":{"line":56,"column":4},"end":{"line":56,"column":16}},"28":{"start":{"line":59,"column":40},"end":{"line":59,"column":43}}},"fnMap":{"0":{"name":"(anonymous_8)","decl":{"start":{"line":19,"column":24},"end":{"line":19,"column":27}},"loc":{"start":{"line":19,"column":29},"end":{"line":21,"column":1}}},"1":{"name":"(anonymous_9)","decl":{"start":{"line":23,"column":24},"end":{"line":23,"column":25}},"loc":{"start":{"line":23,"column":34},"end":{"line":25,"column":1}}},"2":{"name":"saveWithTtl","decl":{"start":{"line":32,"column":15},"end":{"line":32,"column":26}},"loc":{"start":{"line":32,"column":67},"end":{"line":35,"column":null}}},"3":{"name":"get","decl":{"start":{"line":37,"column":15},"end":{"line":37,"column":18}},"loc":{"start":{"line":37,"column":30},"end":{"line":45,"column":null}}},"4":{"name":"del","decl":{"start":{"line":47,"column":15},"end":{"line":47,"column":18}},"loc":{"start":{"line":47,"column":42},"end":{"line":57,"column":null}}}},"branchMap":{"0":{"loc":{"start":{"line":32,"column":52},"end":{"line":32,"column":67}},"type":"default-arg","locations":[{"start":{"line":32,"column":65},"end":{"line":32,"column":67}}]},"1":{"loc":{"start":{"line":40,"column":4},"end":{"line":42,"column":null}},"type":"if","locations":[{"start":{"line":40,"column":4},"end":{"line":42,"column":null}}]},"2":{"loc":{"start":{"line":52,"column":4},"end":{"line":54,"column":null}},"type":"if","locations":[{"start":{"line":52,"column":4},"end":{"line":54,"column":null}}]}},"s":{"0":2,"1":2,"2":2,"3":2,"4":2,"5":2,"6":2,"7":2,"8":2,"9":2,"10":0,"11":2,"12":2,"13":2,"14":2,"15":0,"16":0,"17":2,"18":0,"19":0,"20":0,"21":0,"22":2,"23":0,"24":0,"25":0,"26":0,"27":0,"28":2},"f":{"0":2,"1":0,"2":0,"3":0,"4":0},"b":{"0":[0],"1":[0],"2":[0]}}
}
