TN:
SF:config\index.ts
FNF:0
FNH:0
DA:3,2
DA:4,2
DA:6,2
DA:8,2
DA:38,2
LF:5
LH:5
BRDA:38,0,0,2
BRDA:38,0,1,2
BRF:2
BRH:2
end_of_record
TN:
SF:src\app.ts
FN:17,(anonymous_1)
FNF:1
FNH:1
FNDA:6,(anonymous_1)
DA:2,2
DA:3,2
DA:4,2
DA:5,2
DA:6,2
DA:7,2
DA:8,2
DA:9,2
DA:11,2
DA:13,2
DA:15,2
DA:18,6
DA:19,6
DA:20,6
DA:22,0
DA:27,2
DA:28,2
DA:29,2
DA:35,2
DA:36,2
DA:38,2
LF:21
LH:20
BRDA:19,0,0,6
BRDA:19,1,0,6
BRDA:19,1,1,0
BRF:3
BRH:2
end_of_record
TN:
SF:src\api\auth\auth.controller.ts
FN:10,(anonymous_8)
FN:10,(anonymous_9)
FN:49,(anonymous_10)
FN:49,(anonymous_11)
FN:97,(anonymous_12)
FN:97,(anonymous_13)
FNF:6
FNH:4
FNDA:2,(anonymous_8)
FNDA:2,(anonymous_9)
FNDA:3,(anonymous_10)
FNDA:3,(anonymous_11)
FNDA:0,(anonymous_12)
FNDA:0,(anonymous_13)
DA:6,2
DA:7,2
DA:8,2
DA:10,2
DA:11,2
DA:12,2
DA:13,0
DA:19,2
DA:21,2
DA:22,2
DA:23,0
DA:29,2
DA:32,2
DA:38,2
DA:39,1
DA:45,1
DA:49,3
DA:50,3
DA:51,3
DA:52,3
DA:53,1
DA:60,2
DA:61,2
DA:62,0
DA:68,2
DA:69,2
DA:70,2
DA:77,0
DA:80,0
DA:82,0
DA:84,0
DA:92,0
DA:97,2
DA:98,0
DA:100,0
DA:101,0
DA:102,0
DA:108,0
DA:110,0
DA:111,0
DA:114,0
DA:116,0
DA:118,0
DA:124,0
LF:44
LH:25
BRDA:12,0,0,0
BRDA:12,1,0,2
BRDA:12,1,1,0
BRDA:12,1,2,0
BRDA:22,2,0,0
BRDA:22,3,0,2
BRDA:22,3,1,1
BRDA:52,4,0,1
BRDA:52,5,0,3
BRDA:52,5,1,1
BRDA:61,6,0,0
BRDA:69,7,0,2
BRDA:101,8,0,0
BRDA:110,9,0,0
BRF:14
BRH:7
end_of_record
TN:
SF:src\api\auth\auth.routes.ts
FNF:0
FNH:0
DA:1,2
DA:2,2
DA:3,2
DA:4,2
DA:5,2
DA:7,2
DA:9,2
DA:11,2
DA:13,2
DA:15,2
LF:10
LH:10
BRF:0
BRH:0
end_of_record
TN:
SF:src\api\local\local.controller.ts
FN:14,(anonymous_8)
FN:14,(anonymous_9)
FN:55,(anonymous_10)
FN:55,(anonymous_11)
FN:100,(anonymous_12)
FN:100,(anonymous_13)
FN:165,(anonymous_14)
FN:165,(anonymous_15)
FN:200,(anonymous_16)
FN:200,(anonymous_17)
FNF:10
FNH:0
FNDA:0,(anonymous_8)
FNDA:0,(anonymous_9)
FNDA:0,(anonymous_10)
FNDA:0,(anonymous_11)
FNDA:0,(anonymous_12)
FNDA:0,(anonymous_13)
FNDA:0,(anonymous_14)
FNDA:0,(anonymous_15)
FNDA:0,(anonymous_16)
FNDA:0,(anonymous_17)
DA:10,2
DA:11,2
DA:12,2
DA:14,2
DA:15,0
DA:18,0
DA:19,0
DA:24,0
DA:26,0
DA:27,0
DA:28,0
DA:35,0
DA:37,0
DA:39,0
DA:42,0
DA:44,0
DA:50,0
DA:51,0
DA:55,2
DA:56,0
DA:58,0
DA:59,0
DA:61,0
DA:63,0
DA:64,0
DA:65,0
DA:69,0
DA:70,0
DA:73,0
DA:75,0
DA:76,0
DA:81,0
DA:83,0
DA:85,0
DA:95,0
DA:96,0
DA:100,2
DA:101,0
DA:102,0
DA:104,0
DA:105,0
DA:111,0
DA:113,0
DA:115,0
DA:116,0
DA:123,0
DA:125,0
DA:126,0
DA:133,0
DA:136,0
DA:137,0
DA:144,0
DA:146,0
DA:147,0
DA:153,0
DA:155,0
DA:161,0
DA:165,2
DA:166,0
DA:167,0
DA:168,0
DA:169,0
DA:174,0
DA:175,0
DA:177,0
DA:178,0
DA:179,0
DA:185,0
DA:186,0
DA:187,0
DA:189,0
DA:195,0
DA:196,0
DA:200,2
DA:201,0
DA:202,0
DA:204,0
DA:209,0
DA:210,0
DA:211,0
DA:212,0
DA:213,0
DA:219,0
DA:221,0
DA:223,0
DA:225,0
DA:231,0
DA:232,0
LF:88
LH:8
BRDA:18,0,0,0
BRDA:27,1,0,0
BRDA:64,2,0,0
BRDA:69,3,0,0
BRDA:69,3,1,0
BRDA:70,4,0,0
BRDA:70,4,1,0
BRDA:75,5,0,0
BRDA:104,6,0,0
BRDA:115,7,0,0
BRDA:125,8,0,0
BRDA:136,9,0,0
BRDA:136,10,0,0
BRDA:136,10,1,0
BRDA:146,11,0,0
BRDA:168,12,0,0
BRDA:178,13,0,0
BRDA:186,14,0,0
BRDA:202,15,0,0
BRDA:212,16,0,0
BRF:20
BRH:0
end_of_record
TN:
SF:src\api\local\local.routes.ts
FNF:0
FNH:0
DA:1,2
DA:3,2
DA:4,2
DA:5,2
DA:6,2
DA:7,2
DA:9,2
DA:11,2
DA:13,2
DA:15,2
DA:17,2
DA:19,2
DA:21,2
LF:13
LH:13
BRF:0
BRH:0
end_of_record
TN:
SF:src\api\profile\profile.controller.ts
FN:10,(anonymous_7)
FN:10,(anonymous_8)
FN:48,(anonymous_9)
FN:48,(anonymous_10)
FN:82,(anonymous_11)
FN:82,(anonymous_12)
FNF:6
FNH:0
FNDA:0,(anonymous_7)
FNDA:0,(anonymous_8)
FNDA:0,(anonymous_9)
FNDA:0,(anonymous_10)
FNDA:0,(anonymous_11)
FNDA:0,(anonymous_12)
DA:8,2
DA:9,2
DA:10,2
DA:11,0
DA:12,0
DA:13,0
DA:18,0
DA:19,0
DA:20,0
DA:21,0
DA:22,0
DA:27,0
DA:28,0
DA:29,0
DA:31,0
DA:32,0
DA:38,0
DA:39,0
DA:48,2
DA:49,0
DA:50,0
DA:51,0
DA:56,0
DA:57,0
DA:58,0
DA:59,0
DA:60,0
DA:62,0
DA:63,0
DA:64,0
DA:66,0
DA:72,0
DA:73,0
DA:82,2
DA:83,0
DA:84,0
DA:85,0
DA:90,0
DA:91,0
DA:92,0
DA:93,0
DA:94,0
DA:97,0
DA:99,0
DA:101,0
DA:102,0
DA:108,0
DA:109,0
LF:48
LH:5
BRDA:12,0,0,0
BRDA:21,1,0,0
BRDA:28,2,0,0
BRDA:50,3,0,0
BRDA:59,4,0,0
BRDA:63,5,0,0
BRDA:84,6,0,0
BRDA:93,7,0,0
BRF:8
BRH:0
end_of_record
TN:
SF:src\api\profile\profile.routes.ts
FNF:0
FNH:0
DA:1,2
DA:2,2
DA:3,2
DA:4,2
DA:6,2
DA:8,2
DA:10,2
DA:12,2
DA:14,2
LF:9
LH:9
BRF:0
BRH:0
end_of_record
TN:
SF:src\api\region\region.controller.ts
FN:14,(anonymous_8)
FN:14,(anonymous_9)
FN:48,(anonymous_10)
FN:48,(anonymous_11)
FN:91,(anonymous_12)
FN:91,(anonymous_13)
FN:120,(anonymous_14)
FN:120,(anonymous_15)
FN:179,(anonymous_16)
FN:179,(anonymous_17)
FNF:10
FNH:0
FNDA:0,(anonymous_8)
FNDA:0,(anonymous_9)
FNDA:0,(anonymous_10)
FNDA:0,(anonymous_11)
FNDA:0,(anonymous_12)
FNDA:0,(anonymous_13)
FNDA:0,(anonymous_14)
FNDA:0,(anonymous_15)
FNDA:0,(anonymous_16)
FNDA:0,(anonymous_17)
DA:10,2
DA:11,2
DA:12,2
DA:14,2
DA:15,0
DA:16,0
DA:17,0
DA:22,0
DA:24,0
DA:25,0
DA:26,0
DA:31,0
DA:32,0
DA:33,0
DA:35,0
DA:37,0
DA:43,0
DA:44,0
DA:48,2
DA:49,0
DA:50,0
DA:51,0
DA:52,0
DA:53,0
DA:54,0
DA:55,0
DA:58,0
DA:59,0
DA:61,0
DA:66,0
DA:67,0
DA:72,0
DA:74,0
DA:76,0
DA:86,0
DA:87,0
DA:91,2
DA:92,0
DA:93,0
DA:94,0
DA:99,0
DA:100,0
DA:101,0
DA:102,0
DA:103,0
DA:105,0
DA:106,0
DA:107,0
DA:109,0
DA:115,0
DA:116,0
DA:120,2
DA:121,0
DA:122,0
DA:123,0
DA:129,0
DA:130,0
DA:131,0
DA:132,0
DA:133,0
DA:140,0
DA:141,0
DA:142,0
DA:148,0
DA:150,0
DA:151,0
DA:158,0
DA:166,0
DA:168,0
DA:174,0
DA:175,0
DA:179,2
DA:180,0
DA:181,0
DA:182,0
DA:188,0
DA:189,0
DA:190,0
DA:191,0
DA:192,0
DA:198,0
DA:200,0
DA:202,0
DA:203,0
DA:209,0
DA:210,0
LF:86
LH:8
BRDA:16,0,0,0
BRDA:25,1,0,0
BRDA:54,2,0,0
BRDA:58,3,0,0
BRDA:58,3,1,0
BRDA:59,4,0,0
BRDA:59,4,1,0
BRDA:66,5,0,0
BRDA:93,6,0,0
BRDA:102,7,0,0
BRDA:106,8,0,0
BRDA:122,9,0,0
BRDA:132,10,0,0
BRDA:141,11,0,0
BRDA:150,12,0,0
BRDA:150,13,0,0
BRDA:150,13,1,0
BRDA:181,14,0,0
BRDA:191,15,0,0
BRF:19
BRH:0
end_of_record
TN:
SF:src\api\region\region.routes.ts
FNF:0
FNH:0
DA:1,2
DA:2,2
DA:3,2
DA:4,2
DA:5,2
DA:6,2
DA:8,2
DA:10,2
DA:12,2
DA:14,2
DA:16,2
DA:18,2
DA:20,2
LF:13
LH:13
BRF:0
BRH:0
end_of_record
TN:
SF:src\api\state\state.controller.ts
FN:12,(anonymous_8)
FN:12,(anonymous_9)
FN:48,(anonymous_10)
FN:48,(anonymous_11)
FN:106,(anonymous_12)
FN:106,(anonymous_13)
FN:152,(anonymous_14)
FN:152,(anonymous_15)
FN:181,(anonymous_16)
FN:181,(anonymous_17)
FNF:10
FNH:0
FNDA:0,(anonymous_8)
FNDA:0,(anonymous_9)
FNDA:0,(anonymous_10)
FNDA:0,(anonymous_11)
FNDA:0,(anonymous_12)
FNDA:0,(anonymous_13)
FNDA:0,(anonymous_14)
FNDA:0,(anonymous_15)
FNDA:0,(anonymous_16)
FNDA:0,(anonymous_17)
DA:8,2
DA:9,2
DA:10,2
DA:12,2
DA:13,0
DA:14,0
DA:15,0
DA:20,0
DA:22,0
DA:23,0
DA:24,0
DA:30,0
DA:32,0
DA:33,0
DA:35,0
DA:36,0
DA:37,0
DA:43,0
DA:44,0
DA:48,2
DA:49,0
DA:50,0
DA:51,0
DA:56,0
DA:57,0
DA:58,0
DA:59,0
DA:60,0
DA:66,0
DA:67,0
DA:68,0
DA:74,0
DA:77,0
DA:78,0
DA:85,0
DA:93,0
DA:95,0
DA:101,0
DA:102,0
DA:106,2
DA:107,0
DA:108,0
DA:109,0
DA:110,0
DA:111,0
DA:112,0
DA:113,0
DA:116,0
DA:117,0
DA:120,0
DA:122,0
DA:123,0
DA:128,0
DA:130,0
DA:132,0
DA:142,0
DA:143,0
DA:152,2
DA:153,0
DA:154,0
DA:155,0
DA:160,0
DA:161,0
DA:162,0
DA:163,0
DA:164,0
DA:166,0
DA:167,0
DA:168,0
DA:170,0
DA:176,0
DA:177,0
DA:181,2
DA:182,0
DA:183,0
DA:184,0
DA:189,0
DA:190,0
DA:191,0
DA:192,0
DA:193,0
DA:199,0
DA:201,0
DA:203,0
DA:205,0
DA:211,0
DA:212,0
LF:87
LH:8
BRDA:14,0,0,0
BRDA:23,1,0,0
BRDA:50,2,0,0
BRDA:59,3,0,0
BRDA:67,4,0,0
BRDA:77,5,0,0
BRDA:77,6,0,0
BRDA:77,6,1,0
BRDA:112,7,0,0
BRDA:116,8,0,0
BRDA:116,8,1,0
BRDA:117,9,0,0
BRDA:117,9,1,0
BRDA:122,10,0,0
BRDA:154,11,0,0
BRDA:163,12,0,0
BRDA:167,13,0,0
BRDA:183,14,0,0
BRDA:192,15,0,0
BRF:19
BRH:0
end_of_record
TN:
SF:src\api\state\state.routes.ts
FNF:0
FNH:0
DA:1,2
DA:2,2
DA:3,2
DA:4,2
DA:8,2
DA:10,2
DA:12,2
DA:14,2
DA:16,2
DA:18,2
DA:20,2
LF:11
LH:11
BRF:0
BRH:0
end_of_record
TN:
SF:src\models\local.model.ts
FN:59,(anonymous_0)
FNF:1
FNH:0
FNDA:0,(anonymous_0)
DA:5,2
DA:23,2
DA:60,0
DA:70,2
LF:4
LH:3
BRDA:60,0,0,0
BRDA:60,0,1,0
BRDA:60,0,2,0
BRF:3
BRH:0
end_of_record
TN:
SF:src\models\region.model.ts
FN:42,(anonymous_0)
FNF:1
FNH:0
FNDA:0,(anonymous_0)
DA:5,2
DA:19,2
DA:43,0
DA:57,2
LF:4
LH:3
BRDA:43,0,0,0
BRDA:43,0,1,0
BRDA:43,0,2,0
BRF:3
BRH:0
end_of_record
TN:
SF:src\models\state.model.ts
FN:73,(anonymous_0)
FNF:1
FNH:0
FNDA:0,(anonymous_0)
DA:3,2
DA:31,2
DA:74,0
DA:117,2
LF:4
LH:3
BRDA:74,0,0,0
BRDA:74,0,1,0
BRDA:74,0,2,0
BRF:3
BRH:0
end_of_record
TN:
SF:src\models\user.model.ts
FNF:0
FNH:0
DA:3,2
DA:26,2
DA:38,2
DA:78,2
LF:4
LH:4
BRF:0
BRH:0
end_of_record
TN:
SF:src\routes\index.ts
FNF:0
FNH:0
DA:1,2
DA:2,2
DA:3,2
DA:4,2
DA:5,2
DA:6,2
DA:8,2
DA:10,2
DA:12,2
DA:14,2
DA:16,2
DA:18,2
DA:20,2
LF:13
LH:13
BRF:0
BRH:0
end_of_record
TN:
SF:src\service\apiKey.service.ts
FN:7,(anonymous_8)
FN:12,(anonymous_9)
FNF:2
FNH:2
FNDA:3,(anonymous_8)
FNDA:3,(anonymous_9)
DA:3,2
DA:4,2
DA:5,2
DA:7,2
DA:12,3
DA:13,3
DA:14,3
DA:16,3
DA:18,3
DA:19,3
DA:22,3
DA:23,3
DA:26,3
DA:29,3
DA:30,3
DA:31,0
DA:34,3
DA:39,3
LF:18
LH:17
BRDA:30,0,0,0
BRF:1
BRH:0
end_of_record
TN:
SF:src\shared\middleware\auth.middleware.ts
FN:13,(anonymous_7)
FN:13,(anonymous_8)
FNF:2
FNH:0
FNDA:0,(anonymous_7)
FNDA:0,(anonymous_8)
DA:7,2
DA:13,2
DA:14,0
DA:16,0
DA:17,0
DA:20,0
DA:21,0
DA:23,0
DA:24,0
DA:27,0
DA:28,0
DA:30,0
LF:12
LH:2
BRDA:16,0,0,0
BRDA:23,1,0,0
BRF:2
BRH:0
end_of_record
TN:
SF:src\shared\middleware\cache.middleware.ts
FN:9,(anonymous_0)
FN:16,(anonymous_1)
FNF:2
FNH:0
FNDA:0,(anonymous_0)
FNDA:0,(anonymous_1)
DA:7,2
DA:9,2
DA:10,0
DA:13,0
DA:16,0
DA:17,0
DA:18,0
DA:19,0
DA:21,0
DA:23,0
DA:26,0
DA:31,2
LF:12
LH:3
BRDA:17,0,0,0
BRDA:21,1,0,0
BRDA:21,1,1,0
BRF:3
BRH:0
end_of_record
TN:
SF:src\shared\middleware\error.logger.ts
FN:13,(anonymous_8)
FN:13,(anonymous_9)
FN:28,(anonymous_10)
FNF:3
FNH:0
FNDA:0,(anonymous_8)
FNDA:0,(anonymous_9)
FNDA:0,(anonymous_10)
DA:6,2
DA:7,2
DA:8,2
DA:9,2
DA:10,2
DA:13,2
DA:14,0
DA:15,0
DA:17,0
DA:18,0
DA:19,0
DA:20,0
DA:22,0
DA:24,0
DA:28,2
DA:29,0
DA:30,0
DA:31,0
DA:34,2
LF:19
LH:8
BRDA:19,0,0,0
BRF:1
BRH:0
end_of_record
TN:
SF:src\shared\middleware\errors.middleware.ts
FN:6,(anonymous_1)
FN:11,(anonymous_2)
FNF:2
FNH:1
FNDA:0,(anonymous_1)
FNDA:2,(anonymous_2)
DA:3,2
DA:4,2
DA:6,2
DA:7,0
DA:8,0
DA:11,2
DA:18,2
DA:20,2
DA:21,1
DA:23,1
LF:10
LH:8
BRDA:20,0,0,1
BRDA:20,0,1,1
BRF:2
BRH:2
end_of_record
TN:
SF:src\shared\middleware\loginLimiter.ts
FN:14,(anonymous_1)
FNF:1
FNH:0
FNDA:0,(anonymous_1)
DA:4,2
DA:6,2
DA:8,2
DA:15,0
DA:16,0
DA:17,0
DA:23,2
DA:25,2
LF:8
LH:5
BRF:0
BRH:0
end_of_record
TN:
SF:src\shared\middleware\validator.middleware.ts
FN:7,(anonymous_1)
FN:8,(anonymous_2)
FNF:2
FNH:2
FNDA:6,(anonymous_1)
FNDA:3,(anonymous_2)
DA:4,2
DA:5,2
DA:7,2
DA:8,6
DA:9,3
DA:10,3
DA:12,0
DA:13,0
DA:15,0
DA:16,0
DA:18,3
DA:20,2
DA:22,1
DA:23,1
DA:25,0
LF:15
LH:10
BRDA:10,0,0,0
BRDA:10,0,1,0
BRDA:10,0,2,3
BRDA:22,1,0,1
BRDA:22,1,1,0
BRF:5
BRH:2
end_of_record
TN:
SF:src\shared\schema\local.schema.ts
FN:50,(anonymous_0)
FNF:1
FNH:0
FNDA:0,(anonymous_0)
DA:4,2
DA:6,2
DA:50,0
LF:3
LH:2
BRDA:50,0,0,0
BRDA:50,0,1,0
BRF:2
BRH:0
end_of_record
TN:
SF:src\shared\schema\region.schema.ts
FN:16,(anonymous_0)
FN:21,(anonymous_1)
FNF:2
FNH:0
FNDA:0,(anonymous_0)
FNDA:0,(anonymous_1)
DA:4,2
DA:5,2
DA:7,2
DA:16,0
DA:21,0
LF:5
LH:3
BRDA:21,0,0,0
BRDA:21,0,1,0
BRF:2
BRH:0
end_of_record
TN:
SF:src\shared\schema\user.schema.ts
FNF:0
FNH:0
DA:3,2
DA:5,2
DA:10,2
LF:3
LH:3
BRF:0
BRH:0
end_of_record
TN:
SF:src\shared\utils\errors.ts
FN:7,(anonymous_0)
FN:13,(anonymous_1)
FN:17,(anonymous_2)
FN:21,(anonymous_3)
FN:25,(anonymous_4)
FNF:5
FNH:5
FNDA:5,(anonymous_0)
FNDA:1,(anonymous_1)
FNDA:1,(anonymous_2)
FNDA:1,(anonymous_3)
FNDA:2,(anonymous_4)
DA:8,5
DA:9,5
DA:10,5
DA:14,1
DA:18,1
DA:22,1
DA:26,2
DA:30,3
LF:8
LH:8
BRDA:7,0,0,0
BRDA:7,1,0,0
BRDA:7,2,0,3
BRDA:13,3,0,0
BRDA:13,4,0,1
BRDA:17,5,0,0
BRDA:17,6,0,1
BRDA:21,7,0,0
BRDA:21,8,0,1
BRDA:25,9,0,0
BRDA:25,10,0,0
BRDA:25,11,0,0
BRF:12
BRH:4
end_of_record
TN:
SF:src\shared\utils\logger.ts
FN:20,(anonymous_1)
FN:23,(anonymous_2)
FNF:2
FNH:2
FNDA:2,(anonymous_1)
FNDA:12,(anonymous_2)
DA:7,2
DA:8,2
DA:9,2
DA:11,2
DA:21,2
DA:24,12
DA:29,2
DA:31,2
DA:35,2
DA:37,2
LF:10
LH:10
BRDA:12,0,0,2
BRDA:12,0,1,0
BRF:2
BRH:1
end_of_record
TN:
SF:src\shared\utils\redis.client.ts
FN:19,(anonymous_8)
FN:23,(anonymous_9)
FN:32,saveWithTtl
FN:37,get
FN:47,del
FNF:5
FNH:1
FNDA:2,(anonymous_8)
FNDA:0,(anonymous_9)
FNDA:0,saveWithTtl
FNDA:0,get
FNDA:0,del
DA:7,2
DA:8,2
DA:9,2
DA:10,2
DA:12,2
DA:17,2
DA:19,2
DA:20,2
DA:23,2
DA:24,0
DA:27,2
DA:28,2
DA:29,2
DA:30,2
DA:33,0
DA:34,0
DA:38,0
DA:40,0
DA:41,0
DA:44,0
DA:48,0
DA:50,0
DA:52,0
DA:53,0
DA:56,0
DA:59,2
LF:26
LH:14
BRDA:32,0,0,0
BRDA:40,1,0,0
BRDA:52,2,0,0
BRF:3
BRH:0
end_of_record
